============================= test session starts =============================
platform win32 -- Python 3.13.7, pytest-9.0.2, pluggy-1.6.0
django: version: 5.2.5, settings: backend.settings (from ini)
rootdir: C:\Projet Fullstack\fullstack_produits\backend
configfile: pytest.ini
plugins: Faker-40.5.1, django-4.12.0, mock-3.15.1
collected 42 items

api\tests\test_facturation.py ............................               [ 66%]
api\tests\test_critical_business_logic.py .........F....                 [100%]

================================== FAILURES ===================================
______ ComplexTransactionsTestCase.test_complex_transaction_all_features ______

self = <api.tests.test_critical_business_logic.ComplexTransactionsTestCase testMethod=test_complex_transaction_all_features>

    def test_complex_transaction_all_features(self):
        """
        Test une transaction complexe combinant tous les ÚlÚments:
        - Coupon
        - Points de fidÚlitÚ
        - Remise automatique
        - Paiements multiples
        """
        # Configurer la fidÚlitÚ
        from ..models import LoyaltySetting
        loyalty_setting, _ = LoyaltySetting.objects.get_or_create(
            pk=1,
            defaults={
                'amount_per_point': Decimal('1000.00'),
                'point_value': Decimal('10.00'),
                'auto_reward_threshold': 0,
                'auto_reward_percent': Decimal('0.00')
            }
        )
    
        # Client avec points et remise
        self.client_obj.points_fidelite = 50
        self.client_obj.remise_automatique = Decimal('5.00')
        self.client_obj.save()
    
        # CrÚer un coupon
        coupon = CouponMonnaie.objects.create(
            numero='COUPON-COMPLEX-001',
            montant=Decimal('1000.00'),
            status=CouponMonnaie.Status.ACTIF,
            cree_par=self.user
        )
    
        # CrÚer une facture de 20000
        facture = TestDataFactory.create_facture(
            client=self.client_obj,
            status='BROU',
            total_ttc=Decimal('20000.00')
        )
        TestDataFactory.create_facture_produit(
            facture=facture,
            produit=self.produit,
            quantity=20,
            selling_price=self.produit.selling_price
        )
    
        # Utiliser le coupon
        url_coupon = reverse('coupon-utiliser', kwargs={'pk': coupon.pk})
        response_coupon = self.client.post(url_coupon, {'facture_id': facture.id}, format='json')
        self.assertEqual(response_coupon.status_code, status.HTTP_200_OK)
    
        # Valider la facture avec points
        url_facture = reverse('facture-valider', kwargs={'pk': facture.pk})
        response_facture = self.client.post(url_facture, {
            'mode_paiement': 'especes',
            'points_to_use': 30
        }, format='json')
    
        self.assertEqual(response_facture.status_code, status.HTTP_200_OK)
    
        # VÚrifier l'Útat final
        coupon.refresh_from_db()
        self.assertEqual(coupon.status, CouponMonnaie.Status.UTILISE)
    
        self.client_obj.refresh_from_db()
        # Les points doivent Ûtre dÚduits (30 utilisÚs) et de nouveaux points gagnÚs
        self.assertLess(self.client_obj.points_fidelite, 50, "Les points doivent Ûtre dÚduits")
    
        facture.refresh_from_db()
>       self.assertEqual(facture.status, Facture.Status.VALIDEE)
E       AssertionError: 'PAY' != Facture.Status.VALIDEE

api\tests\test_critical_business_logic.py:644: AssertionError
---------------------------- Captured stderr call -----------------------------
INFO     api.cache            | Product cache (lists and searches) invalidated successfully
DEBUG    api.cache            | Cache invalidated after product 478 change
INFO     api.business         | [COUPON] Tentative d'utilisation #COUPON-COMPLEX-001 par admin
INFO     api.views.coupons    | Facture associÚe: 430
INFO     api.views.coupons    | Coupon #COUPON-COMPLEX-001 associÚ Ó la facture 430 - Montant: 1000 F
INFO     api.business         | [COUPON] Utilise avec succes #COUPON-COMPLEX-001 | facture=430 | user=admin
INFO     api.cache            | Product cache (lists and searches) invalidated successfully
DEBUG    api.cache            | Cache invalidated after invoice 430 validation/payment
INFO     api.cache            | Product cache (lists and searches) invalidated successfully
DEBUG    api.cache            | Cache invalidated after invoice 430 validation/payment
INFO     api.cache            | Product cache (lists and searches) invalidated successfully
DEBUG    api.cache            | Cache invalidated after invoice 430 validation/payment
INFO     api.cache            | Product cache (lists and searches) invalidated successfully
DEBUG    api.cache            | Cache invalidated after invoice 430 validation/payment
INFO     api.cache            | Product cache (lists and searches) invalidated successfully
DEBUG    api.cache            | Cache invalidated after invoice 430 validation/payment
============================== warnings summary ===============================
api/tests/test_facturation.py: 23 warnings
api/tests/test_critical_business_logic.py: 7 warnings
  C:\Projet Fullstack\fullstack_produits\backend\my_env01\Lib\site-packages\sentry_sdk\integrations\django\middleware.py:133: UserWarning: No directory at: C:\Projet Fullstack\fullstack_produits\backend\staticfiles\
    self._inner = middleware(get_response, *args, **kwargs)

-- Docs: https://docs.pytest.org/en/stable/how-to/capture-warnings.html
=========================== short test summary info ===========================
FAILED api/tests/test_critical_business_logic.py::ComplexTransactionsTestCase::test_complex_transaction_all_features
================= 1 failed, 41 passed, 30 warnings in 22.67s ==================
