{"numTotalTestSuites":53,"numPassedTestSuites":42,"numFailedTestSuites":11,"numPendingTestSuites":0,"numTotalTests":120,"numPassedTests":105,"numFailedTests":8,"numPendingTests":7,"numTodoTests":0,"snapshot":{"added":0,"failure":false,"filesAdded":0,"filesRemoved":0,"filesRemovedList":[],"filesUnmatched":0,"filesUpdated":0,"matched":0,"total":0,"unchecked":0,"uncheckedKeysByFile":[],"unmatched":0,"updated":0,"didUpdate":false},"startTime":1775070024619,"success":false,"testResults":[{"assertionResults":[{"ancestorTitles":["App"],"fullName":"App renders without crashing","status":"passed","title":"renders without crashing","duration":35.65030000000024,"failureMessages":[],"meta":{}}],"startTime":1775070037181,"endTime":1775070037216.6504,"status":"passed","message":"","name":"C:/Projet Fullstack/fullstack_produits/frontend/frontend/src/App.test.tsx"},{"assertionResults":[{"ancestorTitles":["Avoirs Component"],"fullName":"Avoirs Component affiche la liste des avoirs","status":"passed","title":"affiche la liste des avoirs","duration":97.20859999999993,"failureMessages":[],"meta":{}},{"ancestorTitles":["Avoirs Component"],"fullName":"Avoirs Component permet de cr├®er un nouvel avoir","status":"passed","title":"permet de cr├®er un nouvel avoir","duration":57.250199999999495,"failureMessages":[],"meta":{}}],"startTime":1775070040564,"endTime":1775070040719.2502,"status":"passed","message":"","name":"C:/Projet Fullstack/fullstack_produits/frontend/frontend/src/components/__tests__/Avoirs.test.tsx"},{"assertionResults":[{"ancestorTitles":["Clients Component"],"fullName":"Clients Component renders correctly and displays client list","status":"passed","title":"renders correctly and displays client list","duration":144.98359999999957,"failureMessages":[],"meta":{}},{"ancestorTitles":["Clients Component"],"fullName":"Clients Component filters clients on search","status":"passed","title":"filters clients on search","duration":431.18589999999995,"failureMessages":[],"meta":{}},{"ancestorTitles":["Clients Component"],"fullName":"Clients Component selects a client and displays details","status":"passed","title":"selects a client and displays details","duration":187.14350000000013,"failureMessages":[],"meta":{}},{"ancestorTitles":["Clients Component"],"fullName":"Clients Component opens create modal on button click","status":"passed","title":"opens create modal on button click","duration":63.58409999999958,"failureMessages":[],"meta":{}}],"startTime":1775070030586,"endTime":1775070031413.584,"status":"passed","message":"","name":"C:/Projet Fullstack/fullstack_produits/frontend/frontend/src/components/__tests__/Clients.test.tsx"},{"assertionResults":[{"ancestorTitles":["Commandes Component"],"fullName":"Commandes Component renders correctly and displays command list","status":"passed","title":"renders correctly and displays command list","duration":72.22040000000015,"failureMessages":[],"meta":{}},{"ancestorTitles":["Commandes Component"],"fullName":"Commandes Component shows \"Nouvelle Commande\" button","status":"passed","title":"shows \"Nouvelle Commande\" button","duration":252.60170000000016,"failureMessages":[],"meta":{}}],"startTime":1775070034803,"endTime":1775070035128.6018,"status":"passed","message":"","name":"C:/Projet Fullstack/fullstack_produits/frontend/frontend/src/components/__tests__/Commandes.test.tsx"},{"assertionResults":[{"ancestorTitles":["CommandeForm Avoir Button"],"fullName":"CommandeForm Avoir Button affiche le bouton \"Retour / Avoir\" si la commande est clotur├®e et onCreateAvoir est fourni","status":"passed","title":"affiche le bouton \"Retour / Avoir\" si la commande est clotur├®e et onCreateAvoir est fourni","duration":174.70160000000033,"failureMessages":[],"meta":{}},{"ancestorTitles":["CommandeForm Avoir Button"],"fullName":"CommandeForm Avoir Button n'affiche pas le bouton si la commande n'est pas clotur├®e","status":"passed","title":"n'affiche pas le bouton si la commande n'est pas clotur├®e","duration":24.20470000000023,"failureMessages":[],"meta":{}},{"ancestorTitles":["CommandeForm Avoir Button"],"fullName":"CommandeForm Avoir Button appelle onCreateAvoir lors du clic","status":"passed","title":"appelle onCreateAvoir lors du clic","duration":40.91469999999981,"failureMessages":[],"meta":{}}],"startTime":1775070036069,"endTime":1775070036308.9148,"status":"passed","message":"","name":"C:/Projet Fullstack/fullstack_produits/frontend/frontend/src/components/__tests__/CommandeToAvoir.test.tsx"},{"assertionResults":[{"ancestorTitles":["Dashboard Component"],"fullName":"Dashboard Component renders loading state correctly","status":"passed","title":"renders loading state correctly","duration":39.39760000000024,"failureMessages":[],"meta":{}},{"ancestorTitles":["Dashboard Component"],"fullName":"Dashboard Component renders error state correctly","status":"passed","title":"renders error state correctly","duration":25.02749999999969,"failureMessages":[],"meta":{}},{"ancestorTitles":["Dashboard Component"],"fullName":"Dashboard Component renders main statistics correctly","status":"passed","title":"renders main statistics correctly","duration":232.26119999999992,"failureMessages":[],"meta":{}},{"ancestorTitles":["Dashboard Component"],"fullName":"Dashboard Component displays stock product count","status":"passed","title":"displays stock product count","duration":75.94599999999991,"failureMessages":[],"meta":{}},{"ancestorTitles":["Dashboard Component"],"fullName":"Dashboard Component displays user personal stats","status":"passed","title":"displays user personal stats","duration":91.27549999999974,"failureMessages":[],"meta":{}},{"ancestorTitles":["Dashboard Component"],"fullName":"Dashboard Component displays Promis notification when data exists","status":"passed","title":"displays Promis notification when data exists","duration":88.89560000000029,"failureMessages":[],"meta":{}},{"ancestorTitles":["Dashboard Component"],"fullName":"Dashboard Component displays Expiring Lots notification when critical lots exist","status":"passed","title":"displays Expiring Lots notification when critical lots exist","duration":78.47490000000016,"failureMessages":[],"meta":{}},{"ancestorTitles":["Dashboard Component"],"fullName":"Dashboard Component renders UG statistics table","status":"passed","title":"renders UG statistics table","duration":101.6286,"failureMessages":[],"meta":{}},{"ancestorTitles":["Dashboard Component"],"fullName":"Dashboard Component displays supplier debts section","status":"passed","title":"displays supplier debts section","duration":98.9992000000002,"failureMessages":[],"meta":{}},{"ancestorTitles":["Dashboard Component"],"fullName":"Dashboard Component handles expiration period change","status":"passed","title":"handles expiration period change","duration":124.35760000000028,"failureMessages":[],"meta":{}},{"ancestorTitles":["Dashboard Component"],"fullName":"Dashboard Component renders restricted view for VENDEUR role","status":"passed","title":"renders restricted view for VENDEUR role","duration":62.168399999999565,"failureMessages":[],"meta":{}},{"ancestorTitles":["Dashboard Component"],"fullName":"Dashboard Component does not crash when stats data is undefined (Regression)","status":"passed","title":"does not crash when stats data is undefined (Regression)","duration":69.47810000000027,"failureMessages":[],"meta":{}},{"ancestorTitles":["Dashboard Component"],"fullName":"Dashboard Component navigates to providers with correct state when clicking supplier debt action","status":"passed","title":"navigates to providers with correct state when clicking supplier debt action","duration":578.3375999999998,"failureMessages":[],"meta":{}}],"startTime":1775070028062,"endTime":1775070029728.3376,"status":"passed","message":"","name":"C:/Projet Fullstack/fullstack_produits/frontend/frontend/src/components/__tests__/Dashboard.test.tsx"},{"assertionResults":[{"ancestorTitles":["Facturation Integration"],"fullName":"Facturation Integration affiche les composants principaux au chargement","status":"passed","title":"affiche les composants principaux au chargement","duration":150.09690000000046,"failureMessages":[],"meta":{}},{"ancestorTitles":["Facturation Integration"],"fullName":"Facturation Integration affiche un panier vide au d├®marrage","status":"passed","title":"affiche un panier vide au d├®marrage","duration":41.59910000000036,"failureMessages":[],"meta":{}},{"ancestorTitles":["Facturation Integration"],"fullName":"Facturation Integration affiche les produits dans le panier quand useCart renvoie des donn├®es","status":"passed","title":"affiche les produits dans le panier quand useCart renvoie des donn├®es","duration":60.72509999999966,"failureMessages":[],"meta":{}},{"ancestorTitles":["Facturation Integration"],"fullName":"Facturation Integration ouvre la modal de paiement au clic sur Encaisser","status":"skipped","title":"ouvre la modal de paiement au clic sur Encaisser","failureMessages":[],"meta":{}}],"startTime":1775070038479,"endTime":1775070038731.725,"status":"passed","message":"","name":"C:/Projet Fullstack/fullstack_produits/frontend/frontend/src/components/__tests__/Facturation.test.tsx"},{"assertionResults":[{"ancestorTitles":["Fournisseurs Component"],"fullName":"Fournisseurs Component renders and displays list","status":"passed","title":"renders and displays list","duration":205.42070000000012,"failureMessages":[],"meta":{}},{"ancestorTitles":["Fournisseurs Component"],"fullName":"Fournisseurs Component opens finance modal via location state","status":"passed","title":"opens finance modal via location state","duration":157.17610000000013,"failureMessages":[],"meta":{}},{"ancestorTitles":["Fournisseurs Component"],"fullName":"Fournisseurs Component filters via search query","status":"passed","title":"filters via search query","duration":521.7996999999996,"failureMessages":[],"meta":{}}],"startTime":1775070032279,"endTime":1775070033163.7998,"status":"passed","message":"","name":"C:/Projet Fullstack/fullstack_produits/frontend/frontend/src/components/__tests__/Fournisseurs.test.tsx"},{"assertionResults":[{"ancestorTitles":["Inventaire.test.tsx"],"fullName":"Inventaire.test.tsx affiche la liste des inventaires","status":"failed","title":"affiche la liste des inventaires","duration":239.54100000000017,"failureMessages":["TestingLibraryElementError: Found multiple elements with the text: /Inventaire/i\n\nHere are the matching elements:\n\nIgnored nodes: comments, script, style\n\u001b[36m<h1\u001b[39m\n  \u001b[33mclass\u001b[39m=\u001b[32m\"text-2xl font-bold text-base-content tracking-tight flex items-center gap-2\"\u001b[39m\n\u001b[36m>\u001b[39m\n  \u001b[36m<svg\u001b[39m\n    \u001b[33maria-hidden\u001b[39m=\u001b[32m\"true\"\u001b[39m\n    \u001b[33mclass\u001b[39m=\u001b[32m\"lucide lucide-clipboard-list h-6 w-6 text-primary\"\u001b[39m\n    \u001b[33mfill\u001b[39m=\u001b[32m\"none\"\u001b[39m\n    \u001b[33mheight\u001b[39m=\u001b[32m\"24\"\u001b[39m\n    \u001b[33mstroke\u001b[39m=\u001b[32m\"currentColor\"\u001b[39m\n    \u001b[33mstroke-linecap\u001b[39m=\u001b[32m\"round\"\u001b[39m\n    \u001b[33mstroke-linejoin\u001b[39m=\u001b[32m\"round\"\u001b[39m\n    \u001b[33mstroke-width\u001b[39m=\u001b[32m\"2\"\u001b[39m\n    \u001b[33mviewBox\u001b[39m=\u001b[32m\"0 0 24 24\"\u001b[39m\n    \u001b[33mwidth\u001b[39m=\u001b[32m\"24\"\u001b[39m\n    \u001b[33mxmlns\u001b[39m=\u001b[32m\"http://www.w3.org/2000/svg\"\u001b[39m\n  \u001b[36m>\u001b[39m\n    \u001b[36m<rect\u001b[39m\n      \u001b[33mheight\u001b[39m=\u001b[32m\"4\"\u001b[39m\n      \u001b[33mrx\u001b[39m=\u001b[32m\"1\"\u001b[39m\n      \u001b[33mry\u001b[39m=\u001b[32m\"1\"\u001b[39m\n      \u001b[33mwidth\u001b[39m=\u001b[32m\"8\"\u001b[39m\n      \u001b[33mx\u001b[39m=\u001b[32m\"8\"\u001b[39m\n      \u001b[33my\u001b[39m=\u001b[32m\"2\"\u001b[39m\n    \u001b[36m/>\u001b[39m\n    \u001b[36m<path\u001b[39m\n      \u001b[33md\u001b[39m=\u001b[32m\"M16 4h2a2 2 0 0 1 2 2v14a2 2 0 0 1-2 2H6a2 2 0 0 1-2-2V6a2 2 0 0 1 2-2h2\"\u001b[39m\n    \u001b[36m/>\u001b[39m\n    \u001b[36m<path\u001b[39m\n      \u001b[33md\u001b[39m=\u001b[32m\"M12 11h4\"\u001b[39m\n    \u001b[36m/>\u001b[39m\n    \u001b[36m<path\u001b[39m\n      \u001b[33md\u001b[39m=\u001b[32m\"M12 16h4\"\u001b[39m\n    \u001b[36m/>\u001b[39m\n    \u001b[36m<path\u001b[39m\n      \u001b[33md\u001b[39m=\u001b[32m\"M8 11h.01\"\u001b[39m\n    \u001b[36m/>\u001b[39m\n    \u001b[36m<path\u001b[39m\n      \u001b[33md\u001b[39m=\u001b[32m\"M8 16h.01\"\u001b[39m\n    \u001b[36m/>\u001b[39m\n  \u001b[36m</svg>\u001b[39m\n  \u001b[0mInventaires\u001b[0m\n\u001b[36m</h1>\u001b[39m\n\nIgnored nodes: comments, script, style\n\u001b[36m<p\u001b[39m\n  \u001b[33mclass\u001b[39m=\u001b[32m\"text-base-content/60 text-sm mt-1\"\u001b[39m\n\u001b[36m>\u001b[39m\n  \u001b[0mG├®rez et validez vos inventaires de stock\u001b[0m\n\u001b[36m</p>\u001b[39m\n\nIgnored nodes: comments, script, style\n\u001b[36m<button\u001b[39m\n  \u001b[33mclass\u001b[39m=\u001b[32m\"btn btn-primary rounded-xl px-6 shadow-lg shadow-primary/20 gap-2\"\u001b[39m\n\u001b[36m>\u001b[39m\n  \u001b[36m<svg\u001b[39m\n    \u001b[33maria-hidden\u001b[39m=\u001b[32m\"true\"\u001b[39m\n    \u001b[33mclass\u001b[39m=\u001b[32m\"lucide lucide-plus h-5 w-5\"\u001b[39m\n    \u001b[33mfill\u001b[39m=\u001b[32m\"none\"\u001b[39m\n    \u001b[33mheight\u001b[39m=\u001b[32m\"24\"\u001b[39m\n    \u001b[33mstroke\u001b[39m=\u001b[32m\"currentColor\"\u001b[39m\n    \u001b[33mstroke-linecap\u001b[39m=\u001b[32m\"round\"\u001b[39m\n    \u001b[33mstroke-linejoin\u001b[39m=\u001b[32m\"round\"\u001b[39m\n    \u001b[33mstroke-width\u001b[39m=\u001b[32m\"2\"\u001b[39m\n    \u001b[33mviewBox\u001b[39m=\u001b[32m\"0 0 24 24\"\u001b[39m\n    \u001b[33mwidth\u001b[39m=\u001b[32m\"24\"\u001b[39m\n    \u001b[33mxmlns\u001b[39m=\u001b[32m\"http://www.w3.org/2000/svg\"\u001b[39m\n  \u001b[36m>\u001b[39m\n    \u001b[36m<path\u001b[39m\n      \u001b[33md\u001b[39m=\u001b[32m\"M5 12h14\"\u001b[39m\n    \u001b[36m/>\u001b[39m\n    \u001b[36m<path\u001b[39m\n      \u001b[33md\u001b[39m=\u001b[32m\"M12 5v14\"\u001b[39m\n    \u001b[36m/>\u001b[39m\n  \u001b[36m</svg>\u001b[39m\n  \u001b[0m+ Nouvel Inventaire\u001b[0m\n\u001b[36m</button>\u001b[39m\n\nIgnored nodes: comments, script, style\n\u001b[36m<div\u001b[39m\n  \u001b[33mclass\u001b[39m=\u001b[32m\"text-xs font-bold text-warning uppercase tracking-wider mb-1 flex items-center gap-1\"\u001b[39m\n\u001b[36m>\u001b[39m\n  \u001b[36m<svg\u001b[39m\n    \u001b[33maria-hidden\u001b[39m=\u001b[32m\"true\"\u001b[39m\n    \u001b[33mclass\u001b[39m=\u001b[32m\"lucide lucide-clipboard-list w-3 h-3\"\u001b[39m\n    \u001b[33mfill\u001b[39m=\u001b[32m\"none\"\u001b[39m\n    \u001b[33mheight\u001b[39m=\u001b[32m\"24\"\u001b[39m\n    \u001b[33mstroke\u001b[39m=\u001b[32m\"currentColor\"\u001b[39m\n    \u001b[33mstroke-linecap\u001b[39m=\u001b[32m\"round\"\u001b[39m\n    \u001b[33mstroke-linejoin\u001b[39m=\u001b[32m\"round\"\u001b[39m\n    \u001b[33mstroke-width\u001b[39m=\u001b[32m\"2\"\u001b[39m\n    \u001b[33mviewBox\u001b[39m=\u001b[32m\"0 0 24 24\"\u001b[39m\n    \u001b[33mwidth\u001b[39m=\u001b[32m\"24\"\u001b[39m\n    \u001b[33mxmlns\u001b[39m=\u001b[32m\"http://www.w3.org/2000/svg\"\u001b[39m\n  \u001b[36m>\u001b[39m\n    \u001b[36m<rect\u001b[39m\n      \u001b[33mheight\u001b[39m=\u001b[32m\"4\"\u001b[39m\n      \u001b[33mrx\u001b[39m=\u001b[32m\"1\"\u001b[39m\n      \u001b[33mry\u001b[39m=\u001b[32m\"1\"\u001b[39m\n      \u001b[33mwidth\u001b[39m=\u001b[32m\"8\"\u001b[39m\n      \u001b[33mx\u001b[39m=\u001b[32m\"8\"\u001b[39m\n      \u001b[33my\u001b[39m=\u001b[32m\"2\"\u001b[39m\n    \u001b[36m/>\u001b[39m\n    \u001b[36m<path\u001b[39m\n      \u001b[33md\u001b[39m=\u001b[32m\"M16 4h2a2 2 0 0 1 2 2v14a2 2 0 0 1-2 2H6a2 2 0 0 1-2-2V6a2 2 0 0 1 2-2h2\"\u001b[39m\n    \u001b[36m/>\u001b[39m\n    \u001b[36m<path\u001b[39m\n      \u001b[33md\u001b[39m=\u001b[32m\"M12 11h4\"\u001b[39m\n    \u001b[36m/>\u001b[39m\n    \u001b[36m<path\u001b[39m\n      \u001b[33md\u001b[39m=\u001b[32m\"M12 16h4\"\u001b[39m\n    \u001b[36m/>\u001b[39m\n    \u001b[36m<path\u001b[39m\n      \u001b[33md\u001b[39m=\u001b[32m\"M8 11h.01\"\u001b[39m\n    \u001b[36m/>\u001b[39m\n    \u001b[36m<path\u001b[39m\n      \u001b[33md\u001b[39m=\u001b[32m\"M8 16h.01\"\u001b[39m\n    \u001b[36m/>\u001b[39m\n  \u001b[36m</svg>\u001b[39m\n  \u001b[0m \u001b[0m\n  \u001b[0mInventaires En Cours\u001b[0m\n\u001b[36m</div>\u001b[39m\n\nIgnored nodes: comments, script, style\n\u001b[36m<div\u001b[39m\n  \u001b[33mclass\u001b[39m=\u001b[32m\"text-xs text-base-content/60\"\u001b[39m\n\u001b[36m>\u001b[39m\n  \u001b[0m0\u001b[0m\n  \u001b[0m \u001b[0m\n  \u001b[0minventaires\u001b[0m\n\u001b[36m</div>\u001b[39m\n\nIgnored nodes: comments, script, style\n\u001b[36m<div\u001b[39m\n  \u001b[33mclass\u001b[39m=\u001b[32m\"text-xs text-base-content/60\"\u001b[39m\n\u001b[36m>\u001b[39m\n  \u001b[0mTous les inventaires\u001b[0m\n\u001b[36m</div>\u001b[39m\n\nIgnored nodes: comments, script, style\n\u001b[36m<td\u001b[39m\n  \u001b[33mclass\u001b[39m=\u001b[32m\"px-6 py-4 max-w-xs truncate font-medium\"\u001b[39m\n\u001b[36m>\u001b[39m\n  \u001b[0mInventaire Janvier\u001b[0m\n  \u001b[36m<div\u001b[39m\n    \u001b[33mclass\u001b[39m=\u001b[32m\"text-[10px] text-base-content/40 mt-1 flex items-center gap-1\"\u001b[39m\n  \u001b[36m>\u001b[39m\n    \u001b[36m<svg\u001b[39m\n      \u001b[33maria-hidden\u001b[39m=\u001b[32m\"true\"\u001b[39m\n      \u001b[33mclass\u001b[39m=\u001b[32m\"lucide lucide-history h-3 w-3\"\u001b[39m\n      \u001b[33mfill\u001b[39m=\u001b[32m\"none\"\u001b[39m\n      \u001b[33mheight\u001b[39m=\u001b[32m\"24\"\u001b[39m\n      \u001b[33mstroke\u001b[39m=\u001b[32m\"currentColor\"\u001b[39m\n      \u001b[33mstroke-linecap\u001b[39m=\u001b[32m\"round\"\u001b[39m\n      \u001b[33mstroke-linejoin\u001b[39m=\u001b[32m\"round\"\u001b[39m\n      \u001b[33mstroke-width\u001b[39m=\u001b[32m\"2\"\u001b[39m\n      \u001b[33mviewBox\u001b[39m=\u001b[32m\"0 0 24 24\"\u001b[39m\n      \u001b[33mwidth\u001b[39m=\u001b[32m\"24\"\u001b[39m\n      \u001b[33mxmlns\u001b[39m=\u001b[32m\"http://www.w3.org/2000/svg\"\u001b[39m\n    \u001b[36m>\u001b[39m\n      \u001b[36m<path\u001b[39m\n        \u001b[33md\u001b[39m=\u001b[32m\"M3 12a9 9 0 1 0 9-9 9.75 9.75 0 0 0-6.74 2.74L3 8\"\u001b[39m\n      \u001b[36m/>\u001b[39m\n      \u001b[36m<path\u001b[39m\n        \u001b[33md\u001b[39m=\u001b[32m\"M3 3v5h5\"\u001b[39m\n      \u001b[36m/>\u001b[39m\n      \u001b[36m<path\u001b[39m\n        \u001b[33md\u001b[39m=\u001b[32m\"M12 7v5l4 2\"\u001b[39m\n      \u001b[36m/>\u001b[39m\n    \u001b[36m</svg>\u001b[39m\n    \u001b[0mPar\u001b[0m\n    \u001b[0m \u001b[0m\n    \u001b[0mAdmin\u001b[0m\n  \u001b[36m</div>\u001b[39m\n\u001b[36m</td>\u001b[39m\n\nIgnored nodes: comments, script, style\n\u001b[36m<h3\u001b[39m\n  \u001b[33mclass\u001b[39m=\u001b[32m\"font-bold text-lg text-base-content\"\u001b[39m\n\u001b[36m>\u001b[39m\n  \u001b[0mFusionner Inventaires\u001b[0m\n\u001b[36m</h3>\u001b[39m\n\nIgnored nodes: comments, script, style\n\u001b[36m<p\u001b[39m\n  \u001b[33mclass\u001b[39m=\u001b[32m\"text-sm text-base-content/60 mt-1\"\u001b[39m\n\u001b[36m>\u001b[39m\n  \u001b[0mLes inventaires s├®lectionn├®s seront fusionn├®s dans l'inventaire cible.\u001b[0m\n\u001b[36m</p>\u001b[39m\n\nIgnored nodes: comments, script, style\n\u001b[36m<div\u001b[39m\n  \u001b[33mclass\u001b[39m=\u001b[32m\"text-sm\"\u001b[39m\n\u001b[36m>\u001b[39m\n  \u001b[36m<span\u001b[39m\n    \u001b[33mclass\u001b[39m=\u001b[32m\"font-bold\"\u001b[39m\n  \u001b[36m>\u001b[39m\n    \u001b[0mAttention\u001b[0m\n  \u001b[36m</span>\u001b[39m\n  \u001b[36m<br />\u001b[39m\n  \u001b[0mLes inventaires sources seront supprim├®s apr├¿s la fusion. Les lignes en double seront additionn├®es.\u001b[0m\n\u001b[36m</div>\u001b[39m\n\nIgnored nodes: comments, script, style\n\u001b[36m<label\u001b[39m\n  \u001b[33mclass\u001b[39m=\u001b[32m\"text-sm font-bold text-base-content/70 flex items-center gap-2\"\u001b[39m\n\u001b[36m>\u001b[39m\n  \u001b[36m<svg\u001b[39m\n    \u001b[33maria-hidden\u001b[39m=\u001b[32m\"true\"\u001b[39m\n    \u001b[33mclass\u001b[39m=\u001b[32m\"lucide lucide-database h-4 w-4\"\u001b[39m\n    \u001b[33mfill\u001b[39m=\u001b[32m\"none\"\u001b[39m\n    \u001b[33mheight\u001b[39m=\u001b[32m\"24\"\u001b[39m\n    \u001b[33mstroke\u001b[39m=\u001b[32m\"currentColor\"\u001b[39m\n    \u001b[33mstroke-linecap\u001b[39m=\u001b[32m\"round\"\u001b[39m\n    \u001b[33mstroke-linejoin\u001b[39m=\u001b[32m\"round\"\u001b[39m\n    \u001b[33mstroke-width\u001b[39m=\u001b[32m\"2\"\u001b[39m\n    \u001b[33mviewBox\u001b[39m=\u001b[32m\"0 0 24 24\"\u001b[39m\n    \u001b[33mwidth\u001b[39m=\u001b[32m\"24\"\u001b[39m\n    \u001b[33mxmlns\u001b[39m=\u001b[32m\"http://www.w3.org/2000/svg\"\u001b[39m\n  \u001b[36m>\u001b[39m\n    \u001b[36m<ellipse\u001b[39m\n      \u001b[33mcx\u001b[39m=\u001b[32m\"12\"\u001b[39m\n      \u001b[33mcy\u001b[39m=\u001b[32m\"5\"\u001b[39m\n      \u001b[33mrx\u001b[39m=\u001b[32m\"9\"\u001b[39m\n      \u001b[33mry\u001b[39m=\u001b[32m\"3\"\u001b[39m\n    \u001b[36m/>\u001b[39m\n    \u001b[36m<path\u001b[39m\n      \u001b[33md\u001b[39m=\u001b[32m\"M3 5V19A9 3 0 0 0 21 19V5\"\u001b[39m\n    \u001b[36m/>\u001b[39m\n    \u001b[36m<path\u001b[39m\n      \u001b[33md\u001b[39m=\u001b[32m\"M3 12A9 3 0 0 0 21 12\"\u001b[39m\n    \u001b[36m/>\u001b[39m\n  \u001b[36m</svg>\u001b[39m\n  \u001b[0mInventaire Cible\u001b[0m\n\u001b[36m</label>\u001b[39m\n\nIgnored nodes: comments, script, style\n\u001b[36m<option\u001b[39m\n  \u001b[33mdisabled\u001b[39m=\u001b[32m\"\"\u001b[39m\n  \u001b[33mvalue\u001b[39m=\u001b[32m\"\"\u001b[39m\n\u001b[36m>\u001b[39m\n  \u001b[0mChoisir l'inventaire cible...\u001b[0m\n\u001b[36m</option>\u001b[39m\n\n(If this is intentional, then use the `*AllBy*` variant of the query (like `queryAllByText`, `getAllByText`, or `findAllByText`)).\n\nIgnored nodes: comments, script, style\n\u001b[36m<body>\u001b[39m\n  \u001b[36m<div>\u001b[39m\n    \u001b[36m<div\u001b[39m\n      \u001b[33mclass\u001b[39m=\u001b[32m\"min-h-screen bg-base-200 p-6 space-y-6 font-sans\"\u001b[39m\n    \u001b[36m>\u001b[39m\n      \u001b[36m<div\u001b[39m\n        \u001b[33mclass\u001b[39m=\u001b[32m\"flex flex-col gap-6 animate-in fade-in duration-500\"\u001b[39m\n      \u001b[36m>\u001b[39m\n        \u001b[36m<div\u001b[39m\n          \u001b[33mclass\u001b[39m=\u001b[32m\"w-full space-y-4\"\u001b[39m\n        \u001b[36m>\u001b[39m\n          \u001b[36m<div\u001b[39m\n            \u001b[33mclass\u001b[39m=\u001b[32m\"bg-base-100 rounded-2xl shadow-sm border border-base-300 flex flex-col\"\u001b[39m\n          \u001b[36m>\u001b[39m\n            \u001b[36m<div\u001b[39m\n              \u001b[33mclass\u001b[39m=\u001b[32m\"p-6 border-b border-base-200\"\u001b[39m\n            \u001b[36m>\u001b[39m\n              \u001b[36m<div\u001b[39m\n                \u001b[33mclass\u001b[39m=\u001b[32m\"flex flex-col md:flex-row justify-between items-start md:items-center gap-4\"\u001b[39m\n              \u001b[36m>\u001b[39m\n                \u001b[36m<div>\u001b[39m\n                  \u001b[36m<h1\u001b[39m\n                    \u001b[33mclass\u001b[39m=\u001b[32m\"text-2xl font-bold text-base-content tracking-tight flex items-center gap-2\"\u001b[39m\n                  \u001b[36m>\u001b[39m\n                    \u001b[36m<svg\u001b[39m\n                      \u001b[33maria-hidden\u001b[39m=\u001b[32m\"true\"\u001b[39m\n                      \u001b[33mclass\u001b[39m=\u001b[32m\"lucide lucide-clipboard-list h-6 w-6 text-primary\"\u001b[39m\n                      \u001b[33mfill\u001b[39m=\u001b[32m\"none\"\u001b[39m\n                      \u001b[33mheight\u001b[39m=\u001b[32m\"24\"\u001b[39m\n                      \u001b[33mstroke\u001b[39m=\u001b[32m\"currentColor\"\u001b[39m\n                      \u001b[33mstroke-linecap\u001b[39m=\u001b[32m\"round\"\u001b[39m\n                      \u001b[33mstroke-linejoin\u001b[39m=\u001b[32m\"round\"\u001b[39m\n                      \u001b[33mstroke-width\u001b[39m=\u001b[32m\"2\"\u001b[39m\n                      \u001b[33mviewBox\u001b[39m=\u001b[32m\"0 0 24 24\"\u001b[39m\n                      \u001b[33mwidth\u001b[39m=\u001b[32m\"24\"\u001b[39m\n                      \u001b[33mxmlns\u001b[39m=\u001b[32m\"http://www.w3.org/2000/svg\"\u001b[39m\n                    \u001b[36m>\u001b[39m\n                      \u001b[36m<rect\u001b[39m\n                        \u001b[33mheight\u001b[39m=\u001b[32m\"4\"\u001b[39m\n                        \u001b[33mrx\u001b[39m=\u001b[32m\"1\"\u001b[39m\n                        \u001b[33mry\u001b[39m=\u001b[32m\"1\"\u001b[39m\n                        \u001b[33mwidth\u001b[39m=\u001b[32m\"8\"\u001b[39m\n                        \u001b[33mx\u001b[39m=\u001b[32m\"8\"\u001b[39m\n                        \u001b[33my\u001b[39m=\u001b[32m\"2\"\u001b[39m\n                      \u001b[36m/>\u001b[39m\n                      \u001b[36m<path\u001b[39m\n                        \u001b[33md\u001b[39m=\u001b[32m\"M16 4h2a2 2 0 0 1 2 2v14a2 2 0 0 1-2 2H6a2 2 0 0 1-2-2V6a2 2 0 0 1 2-2h2\"\u001b[39m\n                      \u001b[36m/>\u001b[39m\n                      \u001b[36m<path\u001b[39m\n                        \u001b[33md\u001b[39m=\u001b[32m\"M12 11h4\"\u001b[39m\n                      \u001b[36m/>\u001b[39m\n                      \u001b[36m<path\u001b[39m\n                        \u001b[33md\u001b[39m=\u001b[32m\"M12 16h4\"\u001b[39m\n                      \u001b[36m/>\u001b[39m\n                      \u001b[36m<path\u001b[39m\n                        \u001b[33md\u001b[39m=\u001b[32m\"M8 11h.01\"\u001b[39m\n                      \u001b[36m/>\u001b[39m\n                      \u001b[36m<path\u001b[39m\n                        \u001b[33md\u001b[39m=\u001b[32m\"M8 16h.01\"\u001b[39m\n                      \u001b[36m/>\u001b[39m\n                    \u001b[36m</svg>\u001b[39m\n                    \u001b[0mInventaires\u001b[0m\n                  \u001b[36m</h1>\u001b[39m\n                  \u001b[36m<p\u001b[39m\n                    \u001b[33mclass\u001b[39m=\u001b[32m\"text-base-content/60 text-sm mt-1\"\u001b[39m\n                  \u001b[36m>\u001b[39m\n                    \u001b[0mG├®rez et validez vos inventaires de stock\u001b[0m\n                  \u001b[36m</p>\u001b[39m\n                \u001b[36m</div>\u001b[39m\n                \u001b[36m<div\u001b[39m\n                  \u001b[33mclass\u001b[39m=\u001b[32m\"flex items-center gap-2\"\u001b[39m\n                \u001b[36m>\u001b[39m\n                  \u001b[36m<button\u001b[39m\n                    \u001b[33mclass\u001b[39m=\u001b[32m\"btn btn-secondary rounded-xl gap-2 shadow-lg shadow-secondary/20\"\u001b[39m\n                    \u001b[33mdisabled\u001b[39m=\u001b[32m\"\"\u001b[39m\n                    \u001b[33mtitle\u001b[39m=\u001b[32m\"\"\u001b[39m\n                    \u001b[33mtype\u001b[39m=\u001b[32m\"button\"\u001b[39m\n                  \u001b[36m>\u001b[39m\n                    \u001b[36m<svg\u001b[39m\n                      \u001b[33maria-hidden\u001b[39m=\u001b[32m\"true\"\u001b[39m\n                      \u001b[33mclass\u001b[39m=\u001b[32m\"lucide lucide-database h-4 w-4\"\u001b[39m\n                      \u001b[33mfill\u001b[39m=\u001b[32m\"none\"\u001b[39m\n                      \u001b[33mheight\u001b[39m=\u001b[32m\"24\"\u001b[39m\n                      \u001b[33mstroke\u001b[39m=\u001b[32m\"currentColor\"\u001b[39m\n                      \u001b[33mstroke-linecap\u001b[39m=\u001b[32m\"round\"\u001b[39m\n                      \u001b[33mstroke-linejoin\u001b[39m=\u001b[32m\"round\"\u001b[39m\n                      \u001b[33mstroke-width\u001b[39m=\u001b[32m\"2\"\u001b[39m\n                      \u001b[33mviewBox\u001b[39m=\u001b[32m\"0 0 24 24\"\u001b[39m\n                      \u001b[33mwidth\u001b[39m=\u001b[32m\"24\"\u001b[39m\n                      \u001b[33mxmlns\u001b[39m=\u001b[32m\"http://www.w3.org/2000/svg\"\u001b[39m\n                    \u001b[36m>\u001b[39m\n                      \u001b[36m<ellipse\u001b[39m\n                        \u001b[33mcx\u001b[39m=\u001b[32m\"12\"\u001b[39m\n                        \u001b[33mcy\u001b[39m=\u001b[32m\"5\"\u001b[39m\n                        \u001b[33mrx\u001b[39m=\u001b[32m\"9\"\u001b[39m\n                        \u001b[33mry\u001b[39m=\u001b[32m\"3\"\u001b[39m\n                      \u001b[36m/>\u001b[39m\n                      \u001b[36m<path\u001b[39m\n                        \u001b[33md\u001b[39m=\u001b[32m\"M3 5V19A9 3 0 0 0 21 19V5\"\u001b[39m\n                      \u001b[36m/>\u001b[39m\n                      \u001b[36m<path\u001b[39m\n                        \u001b[33md\u001b[39m=\u001b[32m\"M3 12A9 3 0 0 0 21 12\"\u001b[39m\n                      \u001b[36m/>\u001b[39m\n                    \u001b[36m</svg>\u001b[39m\n                    \u001b[0mFusionner\u001b[0m\n                  \u001b[36m</button>\u001b[39m\n                  \u001b[36m<button\u001b[39m\n                    \u001b[33mclass\u001b[39m=\u001b[32m\"btn btn-info rounded-xl gap-2 shadow-lg shadow-info/20 text-white\"\u001b[39m\n                    \u001b[33mtype\u001b[39m=\u001b[32m\"button\"\u001b[39m\n                  \u001b[36m>\u001b[39m\n                    \u001b[36m<svg\u001b[39m\n                      \u001b[33maria-hidden\u001b[39m=\u001b[32m\"true\"\u001b[39m\n                      \u001b[33mclass\u001b[39m=\u001b[32m\"lucide lucide-chart-column h-4 w-4\"\u001b[39m\n                      \u001b[33mfill\u001b[39m=\u001b[32m\"none\"\u001b[39m\n                      \u001b[33mheight\u001b[39m=\u001b[32m\"24\"\u001b[39m\n                      \u001b[33mstroke\u001b[39m=\u001b[32m\"currentColor\"\u001b[39m\n                      \u001b[33mstroke-linecap\u001b[39m=\u001b[32m\"round\"\u001b[39m\n                      \u001b[33mstroke-linejoin\u001b[39m=\u001b[32m\"round\"\u001b[39m\n                      \u001b[33mstroke-width\u001b[39m=\u001b[32m\"2\"\u001b[39m\n                      \u001b[33mviewBox\u001b[39m=\u001b[32m\"0 0 24 24\"\u001b[39m\n                      \u001b[33mwidth\u001b[39m=\u001b[32m\"24\"\u001b[39m\n                      \u001b[33mxmlns\u001b[39m=\u001b[32m\"http://www.w3.org/2000/svg\"\u001b[39m\n                    \u001b[36m>\u001b[39m\n                      \u001b[36m<path\u001b[39m\n                        \u001b[33md\u001b[39m=\u001b[32m\"M3 3v16a2 2 0 0 0 2 2h16\"\u001b[39m\n                      \u001b[36m/>\u001b[39m\n                      \u001b[36m<path\u001b[39m\n                        \u001b[33md\u001b[39m=\u001b[32m\"M18 17V9\"\u001b[39m\n                      \u001b[36m/>\u001b[39m\n                      \u001b[36m<path\u001b[39m\n                        \u001b[33md\u001b[39m=\u001b[32m\"M13 17V5\"\u001b[39m\n                      \u001b[36m/>\u001b[39m\n                      \u001b[36m<path\u001b[39m\n                        \u001b[33md\u001b[39m=\u001b[32m\"M8 17v-3\"\u001b[39m\n                      \u001b[36m/>\u001b[39m\n                    \u001b[36m</svg>\u001b[39m\n                    \u001b[0mAudit Flash\u001b[0m\n                  \u001b[36m</button>\u001b[39m\n                  \u001b[36m<button\u001b[39m\n                    \u001b[33mclass\u001b[39m=\u001b[32m\"btn btn-primary rounded-xl px-6 shado...\n    at Object.getElementError (C:\\Projet Fullstack\\fullstack_produits\\frontend\\frontend\\node_modules\\@testing-library\\dom\\dist\\config.js:37:19)\n    at getElementError (C:\\Projet Fullstack\\fullstack_produits\\frontend\\frontend\\node_modules\\@testing-library\\dom\\dist\\query-helpers.js:20:35)\n    at getMultipleElementsFoundError (C:\\Projet Fullstack\\fullstack_produits\\frontend\\frontend\\node_modules\\@testing-library\\dom\\dist\\query-helpers.js:23:10)\n    at C:\\Projet Fullstack\\fullstack_produits\\frontend\\frontend\\node_modules\\@testing-library\\dom\\dist\\query-helpers.js:55:13\n    at C:\\Projet Fullstack\\fullstack_produits\\frontend\\frontend\\node_modules\\@testing-library\\dom\\dist\\query-helpers.js:95:19\n    at C:/Projet Fullstack/fullstack_produits/frontend/frontend/src/components/__tests__/Inventaire.test.tsx:91:23\n    at file:///C:/Projet%20Fullstack/fullstack_produits/frontend/frontend/node_modules/@vitest/runner/dist/index.js:145:11\n    at file:///C:/Projet%20Fullstack/fullstack_produits/frontend/frontend/node_modules/@vitest/runner/dist/index.js:915:26\n    at file:///C:/Projet%20Fullstack/fullstack_produits/frontend/frontend/node_modules/@vitest/runner/dist/index.js:1243:20\n    at new Promise (<anonymous>)"],"meta":{}}],"startTime":1775070030360,"endTime":1775070030599.541,"status":"failed","message":"","name":"C:/Projet Fullstack/fullstack_produits/frontend/frontend/src/components/__tests__/Inventaire.test.tsx"},{"assertionResults":[{"ancestorTitles":["JournalCaisse Component"],"fullName":"JournalCaisse Component renders correctly and displays totals","status":"passed","title":"renders correctly and displays totals","duration":273.7065999999995,"failureMessages":[],"meta":{}},{"ancestorTitles":["JournalCaisse Component"],"fullName":"JournalCaisse Component filters by user and triggers fetch","status":"failed","title":"filters by user and triggers fetch","duration":1510.3885999999993,"failureMessages":["AssertionError: expected \"vi.fn()\" to be called with arguments: [ StringContaining \"get_totals\", ÔÇª(1) ]\u001b[90m\n\nReceived: \n\n\u001b[1m  1st vi.fn() call:\n\n\u001b[22m\u001b[2m  [\u001b[22m\n\u001b[32m-   StringContaining \"get_totals\",\u001b[90m\n\u001b[32m-   ObjectContaining {\u001b[90m\n\u001b[32m-     \"params\": ObjectContaining {\u001b[90m\n\u001b[32m-       \"user_id\": \"1\",\u001b[90m\n\u001b[32m-     },\u001b[90m\n\u001b[31m+   \"/api/caisse/page_init/\",\u001b[90m\n\u001b[31m+   {\u001b[90m\n\u001b[31m+     \"params\": URLSearchParams {},\u001b[90m\n\u001b[2m    },\u001b[22m\n\u001b[2m  ]\u001b[22m\n\n\u001b[1m  2nd vi.fn() call:\n\n\u001b[22m\u001b[2m  [\u001b[22m\n\u001b[32m-   StringContaining \"get_totals\",\u001b[90m\n\u001b[32m-   ObjectContaining {\u001b[90m\n\u001b[32m-     \"params\": ObjectContaining {\u001b[90m\n\u001b[32m-       \"user_id\": \"1\",\u001b[90m\n\u001b[32m-     },\u001b[90m\n\u001b[31m+   \"/api/caisse/page_init/\",\u001b[90m\n\u001b[31m+   {\u001b[90m\n\u001b[31m+     \"params\": URLSearchParams {},\u001b[90m\n\u001b[2m    },\u001b[22m\n\u001b[2m  ]\u001b[22m\n\n\u001b[1m  3rd vi.fn() call:\n\n\u001b[22m\u001b[2m  [\u001b[22m\n\u001b[32m-   StringContaining \"get_totals\",\u001b[90m\n\u001b[32m-   ObjectContaining {\u001b[90m\n\u001b[32m-     \"params\": ObjectContaining {\u001b[90m\n\u001b[32m-       \"user_id\": \"1\",\u001b[90m\n\u001b[32m-     },\u001b[90m\n\u001b[31m+   \"/api/caisse/page_init/\",\u001b[90m\n\u001b[31m+   {\u001b[90m\n\u001b[31m+     \"params\": URLSearchParams {},\u001b[90m\n\u001b[2m    },\u001b[22m\n\u001b[2m  ]\u001b[22m\n\n\u001b[1m  4th vi.fn() call:\n\n\u001b[22m\u001b[2m  [\u001b[22m\n\u001b[32m-   StringContaining \"get_totals\",\u001b[90m\n\u001b[32m-   ObjectContaining {\u001b[90m\n\u001b[32m-     \"params\": ObjectContaining {\u001b[90m\n\u001b[31m+   \"/api/caisse/get_user_shift/\",\u001b[90m\n\u001b[31m+   {\u001b[90m\n\u001b[31m+     \"params\": {\u001b[90m\n\u001b[2m        \"user_id\": \"1\",\u001b[22m\n\u001b[2m      },\u001b[22m\n\u001b[2m    },\u001b[22m\n\u001b[2m  ]\u001b[22m\n\n\u001b[1m  5th vi.fn() call:\n\n\u001b[22m\u001b[2m  [\u001b[22m\n\u001b[32m-   StringContaining \"get_totals\",\u001b[90m\n\u001b[32m-   ObjectContaining {\u001b[90m\n\u001b[32m-     \"params\": ObjectContaining {\u001b[90m\n\u001b[32m-       \"user_id\": \"1\",\u001b[90m\n\u001b[32m-     },\u001b[90m\n\u001b[31m+   \"/api/caisse/page_init/\",\u001b[90m\n\u001b[31m+   {\u001b[90m\n\u001b[31m+     \"params\": URLSearchParams {},\u001b[90m\n\u001b[2m    },\u001b[22m\n\u001b[2m  ]\u001b[22m\n\u001b[39m\u001b[90m\n\nNumber of calls: \u001b[1m5\u001b[22m\n\u001b[39m\n\nIgnored nodes: comments, script, style\n\u001b[36m<html>\u001b[39m\n  \u001b[36m<head />\u001b[39m\n  \u001b[36m<body>\u001b[39m\n    \u001b[36m<div>\u001b[39m\n      \u001b[36m<div\u001b[39m\n        \u001b[33mclass\u001b[39m=\u001b[32m\"h-full flex flex-col bg-base-200/50\"\u001b[39m\n      \u001b[36m>\u001b[39m\n        \u001b[36m<div\u001b[39m\n          \u001b[33mclass\u001b[39m=\u001b[32m\"bg-base-100 border-b border-base-200 shrink-0 p-4 sticky-header shadow-sm\"\u001b[39m\n        \u001b[36m>\u001b[39m\n          \u001b[36m<div\u001b[39m\n            \u001b[33mclass\u001b[39m=\u001b[32m\"flex flex-col lg:flex-row gap-4 justify-between items-start lg:items-center\"\u001b[39m\n          \u001b[36m>\u001b[39m\n            \u001b[36m<div\u001b[39m\n              \u001b[33mclass\u001b[39m=\u001b[32m\"flex items-center gap-4\"\u001b[39m\n            \u001b[36m>\u001b[39m\n              \u001b[36m<div\u001b[39m\n                \u001b[33mclass\u001b[39m=\u001b[32m\"p-2.5 bg-primary/10 rounded-xl text-primary shrink-0\"\u001b[39m\n              \u001b[36m>\u001b[39m\n                \u001b[36m<svg\u001b[39m\n                  \u001b[33maria-hidden\u001b[39m=\u001b[32m\"true\"\u001b[39m\n                  \u001b[33mclass\u001b[39m=\u001b[32m\"lucide lucide-banknote w-6 h-6\"\u001b[39m\n                  \u001b[33mfill\u001b[39m=\u001b[32m\"none\"\u001b[39m\n                  \u001b[33mheight\u001b[39m=\u001b[32m\"24\"\u001b[39m\n                  \u001b[33mstroke\u001b[39m=\u001b[32m\"currentColor\"\u001b[39m\n                  \u001b[33mstroke-linecap\u001b[39m=\u001b[32m\"round\"\u001b[39m\n                  \u001b[33mstroke-linejoin\u001b[39m=\u001b[32m\"round\"\u001b[39m\n                  \u001b[33mstroke-width\u001b[39m=\u001b[32m\"2\"\u001b[39m\n                  \u001b[33mviewBox\u001b[39m=\u001b[32m\"0 0 24 24\"\u001b[39m\n                  \u001b[33mwidth\u001b[39m=\u001b[32m\"24\"\u001b[39m\n                  \u001b[33mxmlns\u001b[39m=\u001b[32m\"http://www.w3.org/2000/svg\"\u001b[39m\n                \u001b[36m>\u001b[39m\n                  \u001b[36m<rect\u001b[39m\n                    \u001b[33mheight\u001b[39m=\u001b[32m\"12\"\u001b[39m\n                    \u001b[33mrx\u001b[39m=\u001b[32m\"2\"\u001b[39m\n                    \u001b[33mwidth\u001b[39m=\u001b[32m\"20\"\u001b[39m\n                    \u001b[33mx\u001b[39m=\u001b[32m\"2\"\u001b[39m\n                    \u001b[33my\u001b[39m=\u001b[32m\"6\"\u001b[39m\n                  \u001b[36m/>\u001b[39m\n                  \u001b[36m<circle\u001b[39m\n                    \u001b[33mcx\u001b[39m=\u001b[32m\"12\"\u001b[39m\n                    \u001b[33mcy\u001b[39m=\u001b[32m\"12\"\u001b[39m\n                    \u001b[33mr\u001b[39m=\u001b[32m\"2\"\u001b[39m\n                  \u001b[36m/>\u001b[39m\n                  \u001b[36m<path\u001b[39m\n                    \u001b[33md\u001b[39m=\u001b[32m\"M6 12h.01M18 12h.01\"\u001b[39m\n                  \u001b[36m/>\u001b[39m\n                \u001b[36m</svg>\u001b[39m\n              \u001b[36m</div>\u001b[39m\n              \u001b[36m<div>\u001b[39m\n                \u001b[36m<h1\u001b[39m\n                  \u001b[33mclass\u001b[39m=\u001b[32m\"text-xl font-bold text-base-content tracking-tight\"\u001b[39m\n                \u001b[36m>\u001b[39m\n                  \u001b[0mJournal de Caisse\u001b[0m\n                \u001b[36m</h1>\u001b[39m\n                \u001b[36m<div\u001b[39m\n                  \u001b[33mclass\u001b[39m=\u001b[32m\"text-base-content/50 text-xs flex items-center gap-2 mt-0.5\"\u001b[39m\n                \u001b[36m>\u001b[39m\n                  \u001b[36m<span>\u001b[39m\n                    \u001b[0mHistorique des flux de caisse\u001b[0m\n                  \u001b[36m</span>\u001b[39m\n                  \u001b[36m<span\u001b[39m\n                    \u001b[33mclass\u001b[39m=\u001b[32m\"w-1 h-1 rounded-full bg-base-300\"\u001b[39m\n                  \u001b[36m/>\u001b[39m\n                  \u001b[36m<span\u001b[39m\n                    \u001b[33mclass\u001b[39m=\u001b[32m\"font-semibold text-primary/80\"\u001b[39m\n                  \u001b[36m>\u001b[39m\n                    \u001b[0m0 op├®rations\u001b[0m\n                  \u001b[36m</span>\u001b[39m\n                \u001b[36m</div>\u001b[39m\n              \u001b[36m</div>\u001b[39m\n            \u001b[36m</div>\u001b[39m\n            \u001b[36m<div\u001b[39m\n              \u001b[33mclass\u001b[39m=\u001b[32m\"flex flex-wrap lg:flex-nowrap items-center gap-3 w-full lg:w-auto\"\u001b[39m\n            \u001b[36m>\u001b[39m\n              \u001b[36m<div\u001b[39m\n                \u001b[33mclass\u001b[39m=\u001b[32m\"relative flex-1 min-w-[200px] lg:w-64\"\u001b[39m\n              \u001b[36m>\u001b[39m\n                \u001b[36m<input\u001b[39m\n                  \u001b[33mclass\u001b[39m=\u001b[32m\"input input-sm input-bordered w-full pl-9 bg-base-200/50 border-base-300 focus:bg-base-100 transition-all text-sm\"\u001b[39m\n                  \u001b[33mplaceholder\u001b[39m=\u001b[32m\"Rechercher...\"\u001b[39m\n                  \u001b[33mtype\u001b[39m=\u001b[32m\"text\"\u001b[39m\n                  \u001b[33mvalue\u001b[39m=\u001b[32m\"\"\u001b[39m\n                \u001b[36m/>\u001b[39m\n                \u001b[36m<svg\u001b[39m\n                  \u001b[33maria-hidden\u001b[39m=\u001b[32m\"true\"\u001b[39m\n                  \u001b[33mclass\u001b[39m=\u001b[32m\"lucide lucide-search w-4 h-4 absolute left-3 top-1/2 -translate-y-1/2 opacity-50 text-base-content\"\u001b[39m\n                  \u001b[33mfill\u001b[39m=\u001b[32m\"none\"\u001b[39m\n                  \u001b[33mheight\u001b[39m=\u001b[32m\"24\"\u001b[39m\n                  \u001b[33mstroke\u001b[39m=\u001b[32m\"currentColor\"\u001b[39m\n                  \u001b[33mstroke-linecap\u001b[39m=\u001b[32m\"round\"\u001b[39m\n                  \u001b[33mstroke-linejoin\u001b[39m=\u001b[32m\"round\"\u001b[39m\n                  \u001b[33mstroke-width\u001b[39m=\u001b[32m\"2\"\u001b[39m\n                  \u001b[33mviewBox\u001b[39m=\u001b[32m\"0 0 24 24\"\u001b[39m\n                  \u001b[33mwidth\u001b[39m=\u001b[32m\"24\"\u001b[39m\n                  \u001b[33mxmlns\u001b[39m=\u001b[32m\"http://www.w3.org/2000/svg\"\u001b[39m\n                \u001b[36m>\u001b[39m\n                  \u001b[36m<path\u001b[39m\n                    \u001b[33md\u001b[39m=\u001b[32m\"m21 21-4.34-4.34\"\u001b[39m\n                  \u001b[36m/>\u001b[39m\n                  \u001b[36m<circle\u001b[39m\n                    \u001b[33mcx\u001b[39m=\u001b[32m\"11\"\u001b[39m\n                    \u001b[33mcy\u001b[39m=\u001b[32m\"11\"\u001b[39m\n                    \u001b[33mr\u001b[39m=\u001b[32m\"8\"\u001b[39m\n                  \u001b[36m/>\u001b[39m\n                \u001b[36m</svg>\u001b[39m\n              \u001b[36m</div>\u001b[39m\n              \u001b[36m<div\u001b[39m\n                \u001b[33mclass\u001b[39m=\u001b[32m\"w-full sm:w-auto\"\u001b[39m\n              \u001b[36m>\u001b[39m\n                \u001b[36m<select\u001b[39m\n                  \u001b[33mclass\u001b[39m=\u001b[32m\"select select-bordered select-sm w-full bg-base-200/50 border-base-300 font-medium text-sm\"\u001b[39m\n                \u001b[36m>\u001b[39m\n                  \u001b[36m<option\u001b[39m\n                    \u001b[33mvalue\u001b[39m=\u001b[32m\"all\"\u001b[39m\n                  \u001b[36m>\u001b[39m\n                    \u001b[0mTous modes\u001b[0m\n                  \u001b[36m</option>\u001b[39m\n                  \u001b[36m<option\u001b[39m\n                    \u001b[33mvalue\u001b[39m=\u001b[32m\"especes\"\u001b[39m\n                  \u001b[36m>\u001b[39m\n                    \u001b[0m­ƒÆÁ \u001b[0m\n                    \u001b[0mEsp├¿ces\u001b[0m\n                  \u001b[36m</option>\u001b[39m\n                  \u001b[36m<option\u001b[39m\n                    \u001b[33mvalue\u001b[39m=\u001b[32m\"cheque\"\u001b[39m\n                  \u001b[36m>\u001b[39m\n                    \u001b[0mÔ£ì´©Å \u001b[0m\n                    \u001b[0mCh├¿que\u001b[0m\n                  \u001b[36m</option>\u001b[39m\n                  \u001b[36m<option\u001b[39m\n                    \u001b[33mvalue\u001b[39m=\u001b[32m\"carte\"\u001b[39m\n                  \u001b[36m>\u001b[39m\n                    \u001b[0m­ƒÆ│ \u001b[0m\n                    \u001b[0mCarte Bancaire\u001b[0m\n                  \u001b[36m</option>\u001b[39m\n                  \u001b[36m<option\u001b[39m\n                    \u001b[33mvalue\u001b[39m=\u001b[32m\"virement\"\u001b[39m\n                  \u001b[36m>\u001b[39m\n                    \u001b[0m­ƒÅª \u001b[0m\n                    \u001b[0mVirement\u001b[0m\n                  \u001b[36m</option>\u001b[39m\n                  \u001b[36m<option\u001b[39m\n                    \u001b[33mvalue\u001b[39m=\u001b[32m\"om\"\u001b[39m\n                  \u001b[36m>\u001b[39m\n                    \u001b[0m­ƒôÂ \u001b[0m\n                    \u001b[0mOrange Money\u001b[0m\n                  \u001b[36m</option>\u001b[39m\n                  \u001b[36m<option\u001b[39m\n                    \u001b[33mvalue\u001b[39m=\u001b[32m\"momo\"\u001b[39m\n                  \u001b[36m>\u001b[39m\n                    \u001b[0m­ƒôÂ \u001b[0m\n                    \u001b[0mMTN Mobile Money\u001b[0m\n                  \u001b[36m</option>\u001b[39m\n                \u001b[36m</select>\u001b[39m\n        ...\n    at Proxy.<anonymous> (file:///C:/Projet%20Fullstack/fullstack_produits/frontend/frontend/node_modules/@vitest/expect/dist/index.js:1420:10)\n    at Proxy.<anonymous> (file:///C:/Projet%20Fullstack/fullstack_produits/frontend/frontend/node_modules/@vitest/expect/dist/index.js:1090:14)\n    at Proxy.methodWrapper (file:///C:/Projet%20Fullstack/fullstack_produits/frontend/frontend/node_modules/chai/index.js:1700:25)\n    at C:/Projet Fullstack/fullstack_produits/frontend/frontend/src/components/__tests__/JournalCaisse.test.tsx:93:27\n    at runWithExpensiveErrorDiagnosticsDisabled (C:\\Projet Fullstack\\fullstack_produits\\frontend\\frontend\\node_modules\\@testing-library\\dom\\dist\\config.js:47:12)\n    at checkCallback (C:\\Projet Fullstack\\fullstack_produits\\frontend\\frontend\\node_modules\\@testing-library\\dom\\dist\\wait-for.js:124:77)\n    at Timeout.checkRealTimersCallback (C:\\Projet Fullstack\\fullstack_produits\\frontend\\frontend\\node_modules\\@testing-library\\dom\\dist\\wait-for.js:118:16)\n    at listOnTimeout (node:internal/timers:608:17)\n    at processTimers (node:internal/timers:543:7)"],"meta":{}},{"ancestorTitles":["JournalCaisse Component"],"fullName":"JournalCaisse Component opens movement modal on button click","status":"passed","title":"opens movement modal on button click","duration":255.84580000000005,"failureMessages":[],"meta":{}}],"startTime":1775070028910,"endTime":1775070030949.8457,"status":"failed","message":"","name":"C:/Projet Fullstack/fullstack_produits/frontend/frontend/src/components/__tests__/JournalCaisse.test.tsx"},{"assertionResults":[{"ancestorTitles":["ModuleFinancier Component"],"fullName":"ModuleFinancier Component renders correctly and displays KPI cards","status":"passed","title":"renders correctly and displays KPI cards","duration":188.93460000000005,"failureMessages":[],"meta":{}},{"ancestorTitles":["ModuleFinancier Component"],"fullName":"ModuleFinancier Component displays loading state when data is fetching","status":"passed","title":"displays loading state when data is fetching","duration":18.44309999999996,"failureMessages":[],"meta":{}},{"ancestorTitles":["ModuleFinancier Component"],"fullName":"ModuleFinancier Component renders chart sections","status":"passed","title":"renders chart sections","duration":36.103799999999865,"failureMessages":[],"meta":{}}],"startTime":1775070034328,"endTime":1775070034571.1038,"status":"passed","message":"","name":"C:/Projet Fullstack/fullstack_produits/frontend/frontend/src/components/__tests__/ModuleFinancier.test.tsx"},{"assertionResults":[{"ancestorTitles":["Produit Component (Integration)"],"fullName":"Produit Component (Integration) displays products from hook","status":"failed","title":"displays products from hook","duration":221.58759999999984,"failureMessages":["TestingLibraryElementError: Found multiple elements with the text: /EFFERALGAN/i\n\nHere are the matching elements:\n\nIgnored nodes: comments, script, style\n\u001b[36m<span\u001b[39m\n  \u001b[33mclass\u001b[39m=\u001b[32m\"truncate\"\u001b[39m\n\u001b[36m>\u001b[39m\n  \u001b[0mEFFERALGAN\u001b[0m\n\u001b[36m</span>\u001b[39m\n\nIgnored nodes: comments, script, style\n\u001b[36m<div\u001b[39m\n  \u001b[33mclass\u001b[39m=\u001b[32m\"text-[13px] font-bold truncate tracking-tight uppercase text-base-content\"\u001b[39m\n\u001b[36m>\u001b[39m\n  \u001b[0mEFFERALGAN\u001b[0m\n\u001b[36m</div>\u001b[39m\n\n(If this is intentional, then use the `*AllBy*` variant of the query (like `queryAllByText`, `getAllByText`, or `findAllByText`)).\n\nIgnored nodes: comments, script, style\n\u001b[36m<body>\u001b[39m\n  \u001b[36m<div>\u001b[39m\n    \u001b[36m<div\u001b[39m\n      \u001b[33mclass\u001b[39m=\u001b[32m\"min-h-screen bg-base-200/50 md:p-6 p-3 space-y-6 font-sans\"\u001b[39m\n    \u001b[36m>\u001b[39m\n      \u001b[36m<div\u001b[39m\n        \u001b[33mclass\u001b[39m=\u001b[32m\"w-full max-w-7xl mx-auto px-1\"\u001b[39m\n      \u001b[36m>\u001b[39m\n        \u001b[36m<div\u001b[39m\n          \u001b[33mclass\u001b[39m=\u001b[32m\"flex items-center gap-2 mb-3\"\u001b[39m\n        \u001b[36m>\u001b[39m\n          \u001b[36m<div\u001b[39m\n            \u001b[33mclass\u001b[39m=\u001b[32m\"bg-primary/20 text-primary p-2 rounded-xl\"\u001b[39m\n          \u001b[36m>\u001b[39m\n            \u001b[36m<svg\u001b[39m\n              \u001b[33mclass\u001b[39m=\u001b[32m\"w-5 h-5\"\u001b[39m\n              \u001b[33mfill\u001b[39m=\u001b[32m\"none\"\u001b[39m\n              \u001b[33mstroke\u001b[39m=\u001b[32m\"currentColor\"\u001b[39m\n              \u001b[33mviewBox\u001b[39m=\u001b[32m\"0 0 24 24\"\u001b[39m\n              \u001b[33mxmlns\u001b[39m=\u001b[32m\"http://www.w3.org/2000/svg\"\u001b[39m\n            \u001b[36m>\u001b[39m\n              \u001b[36m<path\u001b[39m\n                \u001b[33md\u001b[39m=\u001b[32m\"M20 7l-8-4-8 4m16 0l-8 4m8-4v10l-8 4m0-10L4 7m8 4v10M4 7v10l8 4\"\u001b[39m\n                \u001b[33mstroke-linecap\u001b[39m=\u001b[32m\"round\"\u001b[39m\n                \u001b[33mstroke-linejoin\u001b[39m=\u001b[32m\"round\"\u001b[39m\n                \u001b[33mstroke-width\u001b[39m=\u001b[32m\"2\"\u001b[39m\n              \u001b[36m/>\u001b[39m\n            \u001b[36m</svg>\u001b[39m\n          \u001b[36m</div>\u001b[39m\n          \u001b[36m<div\u001b[39m\n            \u001b[33mclass\u001b[39m=\u001b[32m\"bg-base-300 text-base-content/60 p-2 rounded-xl cursor-pointer hover:bg-slate-300 transition-colors\"\u001b[39m\n            \u001b[33mtitle\u001b[39m=\u001b[32m\"Tags\"\u001b[39m\n          \u001b[36m>\u001b[39m\n            \u001b[36m<svg\u001b[39m\n              \u001b[33mclass\u001b[39m=\u001b[32m\"w-5 h-5\"\u001b[39m\n              \u001b[33mfill\u001b[39m=\u001b[32m\"none\"\u001b[39m\n              \u001b[33mstroke\u001b[39m=\u001b[32m\"currentColor\"\u001b[39m\n              \u001b[33mviewBox\u001b[39m=\u001b[32m\"0 0 24 24\"\u001b[39m\n              \u001b[33mxmlns\u001b[39m=\u001b[32m\"http://www.w3.org/2000/svg\"\u001b[39m\n            \u001b[36m>\u001b[39m\n              \u001b[36m<path\u001b[39m\n                \u001b[33md\u001b[39m=\u001b[32m\"M7 7h.01M7 3h5c.512 0 1.024.195 1.414.586l7 7a2 2 0 010 2.828l-7 7a2 2 0 01-2.828 0l-7-7A1.994 1.994 0 013 12V7a4 4 0 014-4z\"\u001b[39m\n                \u001b[33mstroke-linecap\u001b[39m=\u001b[32m\"round\"\u001b[39m\n                \u001b[33mstroke-linejoin\u001b[39m=\u001b[32m\"round\"\u001b[39m\n                \u001b[33mstroke-width\u001b[39m=\u001b[32m\"2\"\u001b[39m\n              \u001b[36m/>\u001b[39m\n            \u001b[36m</svg>\u001b[39m\n          \u001b[36m</div>\u001b[39m\n          \u001b[36m<div\u001b[39m\n            \u001b[33mclass\u001b[39m=\u001b[32m\"ml-auto flex items-center gap-2\"\u001b[39m\n          \u001b[36m>\u001b[39m\n            \u001b[36m<button\u001b[39m\n              \u001b[33mclass\u001b[39m=\u001b[32m\"btn btn-sm btn-ghost gap-2 font-bold text-base-content/60 hover:text-blue-600 transition-colors\"\u001b[39m\n              \u001b[33mtitle\u001b[39m=\u001b[32m\"Rotation\"\u001b[39m\n            \u001b[36m>\u001b[39m\n              \u001b[36m<svg\u001b[39m\n                \u001b[33mclass\u001b[39m=\u001b[32m\"w-4 h-4\"\u001b[39m\n                \u001b[33mfill\u001b[39m=\u001b[32m\"none\"\u001b[39m\n                \u001b[33mstroke\u001b[39m=\u001b[32m\"currentColor\"\u001b[39m\n                \u001b[33mviewBox\u001b[39m=\u001b[32m\"0 0 24 24\"\u001b[39m\n                \u001b[33mxmlns\u001b[39m=\u001b[32m\"http://www.w3.org/2000/svg\"\u001b[39m\n              \u001b[36m>\u001b[39m\n                \u001b[36m<path\u001b[39m\n                  \u001b[33md\u001b[39m=\u001b[32m\"M4 4v5h.582m15.356 2A8.001 8.001 0 004.582 9m0 0H9m11 11v-5h-.581m0 0a8.003 8.003 0 01-15.357-2m15.357 2H15\"\u001b[39m\n                  \u001b[33mstroke-linecap\u001b[39m=\u001b[32m\"round\"\u001b[39m\n                  \u001b[33mstroke-linejoin\u001b[39m=\u001b[32m\"round\"\u001b[39m\n                  \u001b[33mstroke-width\u001b[39m=\u001b[32m\"2\"\u001b[39m\n                \u001b[36m/>\u001b[39m\n              \u001b[36m</svg>\u001b[39m\n              \u001b[36m<span\u001b[39m\n                \u001b[33mclass\u001b[39m=\u001b[32m\"hidden md:inline\"\u001b[39m\n              \u001b[36m>\u001b[39m\n                \u001b[0mRotation\u001b[0m\n              \u001b[36m</span>\u001b[39m\n            \u001b[36m</button>\u001b[39m\n            \u001b[36m<button\u001b[39m\n              \u001b[33mclass\u001b[39m=\u001b[32m\"btn btn-sm btn-ghost  text-base-content/60 hover:text-blue-600 transition-colors\"\u001b[39m\n            \u001b[36m>\u001b[39m\n              \u001b[36m<svg\u001b[39m\n                \u001b[33mclass\u001b[39m=\u001b[32m\"w-5 h-5\"\u001b[39m\n                \u001b[33mfill\u001b[39m=\u001b[32m\"none\"\u001b[39m\n                \u001b[33mstroke\u001b[39m=\u001b[32m\"currentColor\"\u001b[39m\n                \u001b[33mviewBox\u001b[39m=\u001b[32m\"0 0 24 24\"\u001b[39m\n                \u001b[33mxmlns\u001b[39m=\u001b[32m\"http://www.w3.org/2000/svg\"\u001b[39m\n              \u001b[36m>\u001b[39m\n                \u001b[36m<path\u001b[39m\n                  \u001b[33md\u001b[39m=\u001b[32m\"M4 4v5h.582m15.356 2A8.001 8.001 0 004.582 9m0 0H9m11 11v-5h-.581m0 0a8.003 8.003 0 01-15.357-2m15.357 2H15\"\u001b[39m\n                  \u001b[33mstroke-linecap\u001b[39m=\u001b[32m\"round\"\u001b[39m\n                  \u001b[33mstroke-linejoin\u001b[39m=\u001b[32m\"round\"\u001b[39m\n                  \u001b[33mstroke-width\u001b[39m=\u001b[32m\"2\"\u001b[39m\n                \u001b[36m/>\u001b[39m\n              \u001b[36m</svg>\u001b[39m\n            \u001b[36m</button>\u001b[39m\n          \u001b[36m</div>\u001b[39m\n        \u001b[36m</div>\u001b[39m\n        \u001b[36m<h1\u001b[39m\n          \u001b[33mclass\u001b[39m=\u001b[32m\"text-2xl md:text-3xl font-bold text-base-content tracking-tight\"\u001b[39m\n        \u001b[36m>\u001b[39m\n          \u001b[0mGestion des Produits\u001b[0m\n        \u001b[36m</h1>\u001b[39m\n        \u001b[36m<p\u001b[39m\n          \u001b[33mclass\u001b[39m=\u001b[32m\"text-base-content/60 text-sm md:text-base mt-1\"\u001b[39m\n        \u001b[36m>\u001b[39m\n          \u001b[0mCr├®ez et g├®rez vos produits et services\u001b[0m\n        \u001b[36m</p>\u001b[39m\n        \u001b[36m<div\u001b[39m\n          \u001b[33mclass\u001b[39m=\u001b[32m\"mt-4\"\u001b[39m\n        \u001b[36m>\u001b[39m\n          \u001b[36m<button\u001b[39m\n            \u001b[33mclass\u001b[39m=\u001b[32m\"btn btn-primary bg-blue-600 hover:bg-blue-700 border-none text-white rounded-xl shadow-sm px-6 font-medium normal-case\"\u001b[39m\n          \u001b[36m>\u001b[39m\n            \u001b[0m+ \u001b[0m\n            \u001b[0mNouveau\u001b[0m\n          \u001b[36m</button>\u001b[39m\n          \u001b[36m<button\u001b[39m\n            \u001b[33mclass\u001b[39m=\u001b[32m\"btn btn-outline border-blue-600 text-blue-600 hover:bg-blue-50 rounded-xl shadow-sm px-6 font-medium normal-case ml-2\"\u001b[39m\n          \u001b[36m>\u001b[39m\n            \u001b[0m­ƒôÑ \u001b[0m\n            \u001b[0mImporter des Produits\u001b[0m\n          \u001b[36m</button>\u001b[39m\n        \u001b[36m</div>\u001b[39m\n        \u001b[36m<div\u001b[39m\n          \u001b[33mclass\u001b[39m=\u001b[32m\"text-sm text-base-content/60 mt-6 flex items-center gap-2 font-medium\"\u001b[39m\n        \u001b[36m>\u001b[39m\n          \u001b[36m<svg\u001b[39m\n            \u001b[33mclass\u001b[39m=\u001b[32m\"w-4 h-4\"\u001b[39m\n            \u001b[33mfill\u001b[39m=\u001b[32m\"none\"\u001b[39m\n            \u001b[33mstroke\u001b[39m=\u001b[32m\"currentColor\"\u001b[39m\n            \u001b[33mviewBox\u001b[39m=\u001b[32m\"0 0 24 24\"\u001b[39m\n          \u001b[36m>\u001b[39m\n            \u001b[36m<path\u001b[39m\n              \u001b[33md\u001b[39m=\u001b[32m\"M3 12l2-2m0 0l7-7 7 7M5 10v10a1 1 0 001 1h3m10-11l2 2m-2-2v10a1 1 0 01-1 1h-3m-6 0a1 1 0 001-1v-4a1 1 0 011-1h2a1 1 0 011 1v4a1 1 0 001 1m-6 0h6\"\u001b[39m\n              \u001b[33mstroke-linecap\u001b[39m=\u001b[32m\"round\"\u001b[39m\n              \u001b[33mstroke-linejoin\u001b[39m=\u001b[32m\"round\"\u001b[39m\n              \u001b[33mstroke-width\u001b[39m=\u001b[32m\"2\"\u001b[39m\n            \u001b[36m/>\u001b[39m\n          \u001b[36m</svg>\u001b[39m\n          \u001b[36m<span\u001b[39m\n            \u001b[33mclass\u001b[39m=\u001b[32m\"cursor-pointer hover:text-base-content/90\"\u001b[39m\n          \u001b[36m>\u001b[39m\n            \u001b[0mTableau de bord\u001b[0m\n          \u001b[36m</span>\u001b[39m\n          \u001b[0m \u001b[0m\n          \u001b[0m&gt;\u001b[0m\n          \u001b[0m \u001b[0m\n          \u001b[36m<span\u001b[39m\n            \u001b[33mclass\u001b[39m=\u001b[32m\"text-base-content\"\u001b[39m\n          \u001b[36m>\u001b[39m\n            \u001b[0mGestion des Produits\u001b[0m\n          \u001b[36m</span>\u001b[39m\n        \u001b[36m</div>\u001b[39m\n      \u001b[36m<...\n    at Object.getElementError (C:\\Projet Fullstack\\fullstack_produits\\frontend\\frontend\\node_modules\\@testing-library\\dom\\dist\\config.js:37:19)\n    at getElementError (C:\\Projet Fullstack\\fullstack_produits\\frontend\\frontend\\node_modules\\@testing-library\\dom\\dist\\query-helpers.js:20:35)\n    at getMultipleElementsFoundError (C:\\Projet Fullstack\\fullstack_produits\\frontend\\frontend\\node_modules\\@testing-library\\dom\\dist\\query-helpers.js:23:10)\n    at C:\\Projet Fullstack\\fullstack_produits\\frontend\\frontend\\node_modules\\@testing-library\\dom\\dist\\query-helpers.js:55:13\n    at C:\\Projet Fullstack\\fullstack_produits\\frontend\\frontend\\node_modules\\@testing-library\\dom\\dist\\query-helpers.js:95:19\n    at C:/Projet Fullstack/fullstack_produits/frontend/frontend/src/components/__tests__/Produit.test.tsx:82:23\n    at file:///C:/Projet%20Fullstack/fullstack_produits/frontend/frontend/node_modules/@vitest/runner/dist/index.js:915:20"],"meta":{}},{"ancestorTitles":["Produit Component (Integration)"],"fullName":"Produit Component (Integration) triggers search by calling the hook with new filters","status":"passed","title":"triggers search by calling the hook with new filters","duration":648.2138999999997,"failureMessages":[],"meta":{}}],"startTime":1775070029434,"endTime":1775070030304.2139,"status":"failed","message":"","name":"C:/Projet Fullstack/fullstack_produits/frontend/frontend/src/components/__tests__/Produit.test.tsx"},{"assertionResults":[{"ancestorTitles":["StatistiquesFournisseur"],"fullName":"StatistiquesFournisseur renders the title and initial components","status":"passed","title":"renders the title and initial components","duration":163.74080000000004,"failureMessages":[],"meta":{}},{"ancestorTitles":["StatistiquesFournisseur"],"fullName":"StatistiquesFournisseur fetches and displays statistics correctly","status":"passed","title":"fetches and displays statistics correctly","duration":442.3199999999997,"failureMessages":[],"meta":{}},{"ancestorTitles":["StatistiquesFournisseur"],"fullName":"StatistiquesFournisseur renders empty state correctly","status":"passed","title":"renders empty state correctly","duration":67.97000000000025,"failureMessages":[],"meta":{}},{"ancestorTitles":["StatistiquesFournisseur"],"fullName":"StatistiquesFournisseur renders charts","status":"passed","title":"renders charts","duration":38.159799999999905,"failureMessages":[],"meta":{}},{"ancestorTitles":["StatistiquesFournisseur"],"fullName":"StatistiquesFournisseur handles date filtering","status":"passed","title":"handles date filtering","duration":77.72659999999996,"failureMessages":[],"meta":{}}],"startTime":1775070032435,"endTime":1775070033224.7266,"status":"passed","message":"","name":"C:/Projet Fullstack/fullstack_produits/frontend/frontend/src/components/__tests__/StatistiquesFournisseur.test.tsx"},{"assertionResults":[{"ancestorTitles":["StockAnalysis"],"fullName":"StockAnalysis affiche le titre et charge les donn├®es au montage","status":"passed","title":"affiche le titre et charge les donn├®es au montage","duration":426.89810000000034,"failureMessages":[],"meta":{}},{"ancestorTitles":["StockAnalysis"],"fullName":"StockAnalysis affiche la liste des produits apr├¿s le chargement","status":"passed","title":"affiche la liste des produits apr├¿s le chargement","duration":131.91259999999966,"failureMessages":[],"meta":{}},{"ancestorTitles":["StockAnalysis"],"fullName":"StockAnalysis calcule correctement la valeur totale du stock dans les stats","status":"passed","title":"calcule correctement la valeur totale du stock dans les stats","duration":83.23769999999968,"failureMessages":[],"meta":{}},{"ancestorTitles":["StockAnalysis"],"fullName":"StockAnalysis identifie les produits avec stock faible","status":"passed","title":"identifie les produits avec stock faible","duration":159.83700000000044,"failureMessages":[],"meta":{}},{"ancestorTitles":["StockAnalysis"],"fullName":"StockAnalysis g├¿re les erreurs d'API avec ├®l├®gance","status":"passed","title":"g├¿re les erreurs d'API avec ├®l├®gance","duration":101.21560000000045,"failureMessages":[],"meta":{}},{"ancestorTitles":["StockAnalysis"],"fullName":"StockAnalysis permet de filtrer par fournisseur","status":"passed","title":"permet de filtrer par fournisseur","duration":124.71550000000025,"failureMessages":[],"meta":{}}],"startTime":1775070028608,"endTime":1775070029635.7156,"status":"passed","message":"","name":"C:/Projet Fullstack/fullstack_produits/frontend/frontend/src/components/__tests__/StockAnalysis.test.tsx"},{"assertionResults":[{"ancestorTitles":["Ventes Component"],"fullName":"Ventes Component renders correctly and fetches factures","status":"skipped","title":"renders correctly and fetches factures","failureMessages":[],"meta":{}},{"ancestorTitles":["Ventes Component"],"fullName":"Ventes Component handles filtering","status":"skipped","title":"handles filtering","failureMessages":[],"meta":{}},{"ancestorTitles":["Ventes Component"],"fullName":"Ventes Component searches for invoices","status":"skipped","title":"searches for invoices","failureMessages":[],"meta":{}},{"ancestorTitles":["Ventes Component"],"fullName":"Ventes Component opens product details modal","status":"skipped","title":"opens product details modal","failureMessages":[],"meta":{}},{"ancestorTitles":["Ventes Component"],"fullName":"Ventes Component opens refund modal and handles cancellation","status":"skipped","title":"opens refund modal and handles cancellation","failureMessages":[],"meta":{}},{"ancestorTitles":["Ventes Component"],"fullName":"Ventes Component displays empty state when no factures found","status":"skipped","title":"displays empty state when no factures found","failureMessages":[],"meta":{}}],"startTime":1775070024619,"endTime":1775070024619,"status":"passed","message":"","name":"C:/Projet Fullstack/fullstack_produits/frontend/frontend/src/components/__tests__/Ventes.test.tsx"},{"assertionResults":[{"ancestorTitles":["useCart Hook - Persistance Multi-Utilisateur"],"fullName":"useCart Hook - Persistance Multi-Utilisateur devrait ├¬tre vide initialement sans utilisateur","status":"passed","title":"devrait ├¬tre vide initialement sans utilisateur","duration":14.087799999999334,"failureMessages":[],"meta":{}},{"ancestorTitles":["useCart Hook - Persistance Multi-Utilisateur"],"fullName":"useCart Hook - Persistance Multi-Utilisateur devrait hydrater le panier depuis la cl├® sp├®cifique ├á l'utilisateur","status":"passed","title":"devrait hydrater le panier depuis la cl├® sp├®cifique ├á l'utilisateur","duration":6.026899999999841,"failureMessages":[],"meta":{}},{"ancestorTitles":["useCart Hook - Persistance Multi-Utilisateur"],"fullName":"useCart Hook - Persistance Multi-Utilisateur devrait isoler les paniers entre deux utilisateurs diff├®rents","status":"passed","title":"devrait isoler les paniers entre deux utilisateurs diff├®rents","duration":3.2057999999997264,"failureMessages":[],"meta":{}},{"ancestorTitles":["useCart Hook - Persistance Multi-Utilisateur"],"fullName":"useCart Hook - Persistance Multi-Utilisateur devrait nettoyer l'ancienne cl├® globale lors de la premi├¿re connexion","status":"passed","title":"devrait nettoyer l'ancienne cl├® globale lors de la premi├¿re connexion","duration":1.7547000000004118,"failureMessages":[],"meta":{}},{"ancestorTitles":["useCart Hook - Persistance Multi-Utilisateur"],"fullName":"useCart Hook - Persistance Multi-Utilisateur devrait sauvegarder les changements dans la cl├® sp├®cifique utilisateur","status":"passed","title":"devrait sauvegarder les changements dans la cl├® sp├®cifique utilisateur","duration":2.2850999999991473,"failureMessages":[],"meta":{}}],"startTime":1775070039725,"endTime":1775070039752.2852,"status":"passed","message":"","name":"C:/Projet Fullstack/fullstack_produits/frontend/frontend/src/hooks/__tests__/useCart.test.tsx"},{"assertionResults":[{"ancestorTitles":["finance utilities","calculateLineTotal"],"fullName":"finance utilities calculateLineTotal should calculate basic line total without discount","status":"passed","title":"should calculate basic line total without discount","duration":2.1963000000000648,"failureMessages":[],"meta":{}},{"ancestorTitles":["finance utilities","calculateLineTotal"],"fullName":"finance utilities calculateLineTotal should calculate line total with discount percentage","status":"passed","title":"should calculate line total with discount percentage","duration":0.27109999999993306,"failureMessages":[],"meta":{}},{"ancestorTitles":["finance utilities","calculateCartStats"],"fullName":"finance utilities calculateCartStats should calculate aggregate stats for multiple items","status":"passed","title":"should calculate aggregate stats for multiple items","duration":0.5583999999998923,"failureMessages":[],"meta":{}},{"ancestorTitles":["finance utilities","calculateFactureTotals"],"fullName":"finance utilities calculateFactureTotals should apply global discount amount","status":"passed","title":"should apply global discount amount","duration":0.3998999999998887,"failureMessages":[],"meta":{}},{"ancestorTitles":["finance utilities","calculateFactureTotals"],"fullName":"finance utilities calculateFactureTotals should apply coverage (tiers-payant)","status":"passed","title":"should apply coverage (tiers-payant)","duration":0.4216999999998734,"failureMessages":[],"meta":{}}],"startTime":1775070038524,"endTime":1775070038528.4216,"status":"passed","message":"","name":"C:/Projet Fullstack/fullstack_produits/frontend/frontend/src/utils/__tests__/finance.test.ts"},{"assertionResults":[{"ancestorTitles":["formatPrice / formatCurrency"],"fullName":"formatPrice / formatCurrency formate les entiers avec s├®parateur de milliers","status":"passed","title":"formate les entiers avec s├®parateur de milliers","duration":35.58750000000009,"failureMessages":[],"meta":{}},{"ancestorTitles":["formatPrice / formatCurrency"],"fullName":"formatPrice / formatCurrency arrondit les d├®cimales (pas de virgule)","status":"passed","title":"arrondit les d├®cimales (pas de virgule)","duration":0.5435000000002219,"failureMessages":[],"meta":{}},{"ancestorTitles":["formatPrice / formatCurrency"],"fullName":"formatPrice / formatCurrency formate z├®ro","status":"passed","title":"formate z├®ro","duration":0.5929999999998472,"failureMessages":[],"meta":{}},{"ancestorTitles":["formatPrice / formatCurrency"],"fullName":"formatPrice / formatCurrency formate les petits nombres","status":"passed","title":"formate les petits nombres","duration":0.43780000000015207,"failureMessages":[],"meta":{}},{"ancestorTitles":["formatPrice / formatCurrency"],"fullName":"formatPrice / formatCurrency formate les grands nombres","status":"passed","title":"formate les grands nombres","duration":0.4726999999998043,"failureMessages":[],"meta":{}},{"ancestorTitles":["safeFormatNumber"],"fullName":"safeFormatNumber g├¿re null","status":"passed","title":"g├¿re null","duration":0.43469999999979336,"failureMessages":[],"meta":{}},{"ancestorTitles":["safeFormatNumber"],"fullName":"safeFormatNumber g├¿re undefined","status":"passed","title":"g├¿re undefined","duration":0.38580000000001746,"failureMessages":[],"meta":{}},{"ancestorTitles":["safeFormatNumber"],"fullName":"safeFormatNumber g├¿re les strings num├®riques","status":"passed","title":"g├¿re les strings num├®riques","duration":0.4194999999999709,"failureMessages":[],"meta":{}},{"ancestorTitles":["safeFormatNumber"],"fullName":"safeFormatNumber g├¿re les strings non-num├®riques","status":"passed","title":"g├¿re les strings non-num├®riques","duration":0.40219999999999345,"failureMessages":[],"meta":{}},{"ancestorTitles":["safeFormatNumber"],"fullName":"safeFormatNumber g├¿re les nombres normaux","status":"passed","title":"g├¿re les nombres normaux","duration":0.43719999999984793,"failureMessages":[],"meta":{}},{"ancestorTitles":["normalizeNumberInput"],"fullName":"normalizeNumberInput convertit un nombre directement","status":"passed","title":"convertit un nombre directement","duration":0.24630000000024665,"failureMessages":[],"meta":{}},{"ancestorTitles":["normalizeNumberInput"],"fullName":"normalizeNumberInput convertit une string avec virgule en nombre","status":"passed","title":"convertit une string avec virgule en nombre","duration":1.5217000000002372,"failureMessages":[],"meta":{}},{"ancestorTitles":["normalizeNumberInput"],"fullName":"normalizeNumberInput convertit une string avec point en nombre","status":"passed","title":"convertit une string avec point en nombre","duration":0.19790000000011787,"failureMessages":[],"meta":{}},{"ancestorTitles":["normalizeNumberInput"],"fullName":"normalizeNumberInput retourne 0 pour une string invalide","status":"passed","title":"retourne 0 pour une string invalide","duration":0.1437999999998283,"failureMessages":[],"meta":{}},{"ancestorTitles":["normalizeNumberInput"],"fullName":"normalizeNumberInput applique le minimum","status":"passed","title":"applique le minimum","duration":0.14529999999967913,"failureMessages":[],"meta":{}},{"ancestorTitles":["normalizeNumberInput"],"fullName":"normalizeNumberInput applique le maximum","status":"passed","title":"applique le maximum","duration":0.1190999999998894,"failureMessages":[],"meta":{}},{"ancestorTitles":["normalizeNumberInput"],"fullName":"normalizeNumberInput applique min et max ensemble","status":"passed","title":"applique min et max ensemble","duration":0.2102999999997337,"failureMessages":[],"meta":{}}],"startTime":1775070036265,"endTime":1775070036308.2102,"status":"passed","message":"","name":"C:/Projet Fullstack/fullstack_produits/frontend/frontend/src/utils/__tests__/formatters.test.ts"},{"assertionResults":[{"ancestorTitles":["validation utilities","validateSaleData"],"fullName":"validation utilities validateSaleData should return null for valid data","status":"passed","title":"should return null for valid data","duration":1.930199999999786,"failureMessages":[],"meta":{}},{"ancestorTitles":["validation utilities","validateSaleData"],"fullName":"validation utilities validateSaleData should require a client","status":"passed","title":"should require a client","duration":0.4657999999999447,"failureMessages":[],"meta":{}},{"ancestorTitles":["validation utilities","validateSaleData"],"fullName":"validation utilities validateSaleData should require products","status":"passed","title":"should require products","duration":0.25320000000010623,"failureMessages":[],"meta":{}},{"ancestorTitles":["validation utilities","validateSaleData"],"fullName":"validation utilities validateSaleData should validate insufficient amount","status":"passed","title":"should validate insufficient amount","duration":0.40259999999989304,"failureMessages":[],"meta":{}},{"ancestorTitles":["validation utilities","validateClientCreditLimit"],"fullName":"validation utilities validateClientCreditLimit should detect credit limit exceeded","status":"failed","title":"should detect credit limit exceeded","duration":47.67399999999998,"failureMessages":["AssertionError: expected 'ÔÜá´©Å PLAFOND DE CR├ëDIT D├ëPASS├ë !\\nDetteÔÇª' to contain 'PLAFOND D├ëPASS├ë'\n    at C:/Projet Fullstack/fullstack_produits/frontend/frontend/src/utils/__tests__/validation.test.ts:60:27\n    at file:///C:/Projet%20Fullstack/fullstack_produits/frontend/frontend/node_modules/@vitest/runner/dist/index.js:145:11\n    at file:///C:/Projet%20Fullstack/fullstack_produits/frontend/frontend/node_modules/@vitest/runner/dist/index.js:915:26\n    at file:///C:/Projet%20Fullstack/fullstack_produits/frontend/frontend/node_modules/@vitest/runner/dist/index.js:1243:20\n    at new Promise (<anonymous>)\n    at runWithTimeout (file:///C:/Projet%20Fullstack/fullstack_produits/frontend/frontend/node_modules/@vitest/runner/dist/index.js:1209:10)\n    at file:///C:/Projet%20Fullstack/fullstack_produits/frontend/frontend/node_modules/@vitest/runner/dist/index.js:1653:37\n    at Traces.$ (file:///C:/Projet%20Fullstack/fullstack_produits/frontend/frontend/node_modules/vitest/dist/chunks/traces.CCmnQaNT.js:142:27)\n    at trace (file:///C:/Projet%20Fullstack/fullstack_produits/frontend/frontend/node_modules/vitest/dist/chunks/test.B8ej_ZHS.js:239:21)\n    at runTest (file:///C:/Projet%20Fullstack/fullstack_produits/frontend/frontend/node_modules/@vitest/runner/dist/index.js:1653:12)"],"meta":{}},{"ancestorTitles":["validation utilities","validateClientCreditLimit"],"fullName":"validation utilities validateClientCreditLimit should allow if payment covers the increment","status":"passed","title":"should allow if payment covers the increment","duration":0.24729999999999563,"failureMessages":[],"meta":{}}],"startTime":1775070027509,"endTime":1775070027560.2473,"status":"failed","message":"","name":"C:/Projet Fullstack/fullstack_produits/frontend/frontend/src/utils/__tests__/validation.test.ts"},{"assertionResults":[{"ancestorTitles":["ActionButtons"],"fullName":"ActionButtons affiche tous les boutons d'action","status":"failed","title":"affiche tous les boutons d'action","duration":809.2192,"failureMessages":["TestingLibraryElementError: Unable to find an accessible element with the role \"button\" and name `/Mettre en attente/i`\n\nHere are the accessible roles:\n\n  list:\n\n  Name \"\":\n  \u001b[36m<ul\u001b[39m\n    \u001b[33mclass\u001b[39m=\u001b[32m\"dropdown-content z-[100] menu p-2 shadow-2xl bg-base-100 border border-base-200 rounded-box w-64 mb-2\"\u001b[39m\n    \u001b[33mtabindex\u001b[39m=\u001b[32m\"0\"\u001b[39m\n  \u001b[36m/>\u001b[39m\n\n  --------------------------------------------------\n  listitem:\n\n  Name \"\":\n  \u001b[36m<li\u001b[39m\n    \u001b[33mclass\u001b[39m=\u001b[32m\"menu-title text-[10px] uppercase opacity-50 px-2 mt-1\"\u001b[39m\n  \u001b[36m/>\u001b[39m\n\n  Name \"\":\n  \u001b[36m<li />\u001b[39m\n\n  Name \"\":\n  \u001b[36m<li />\u001b[39m\n\n  Name \"\":\n  \u001b[36m<li\u001b[39m\n    \u001b[33mclass\u001b[39m=\u001b[32m\"menu-title text-[10px] uppercase opacity-50 px-2\"\u001b[39m\n  \u001b[36m/>\u001b[39m\n\n  Name \"\":\n  \u001b[36m<li />\u001b[39m\n\n  Name \"\":\n  \u001b[36m<li />\u001b[39m\n\n  Name \"\":\n  \u001b[36m<li\u001b[39m\n    \u001b[33mclass\u001b[39m=\u001b[32m\"menu-title text-[10px] uppercase opacity-50 px-2\"\u001b[39m\n  \u001b[36m/>\u001b[39m\n\n  Name \"\":\n  \u001b[36m<li />\u001b[39m\n\n  Name \"\":\n  \u001b[36m<li />\u001b[39m\n\n  --------------------------------------------------\n  checkbox:\n\n  Name \"R├®trocession\":\n  \u001b[36m<input\u001b[39m\n    \u001b[33mclass\u001b[39m=\u001b[32m\"checkbox checkbox-xs checkbox-warning\"\u001b[39m\n    \u001b[33mtype\u001b[39m=\u001b[32m\"checkbox\"\u001b[39m\n  \u001b[36m/>\u001b[39m\n\n  Name \"Facture A4\":\n  \u001b[36m<input\u001b[39m\n    \u001b[33mclass\u001b[39m=\u001b[32m\"checkbox checkbox-xs checkbox-info\"\u001b[39m\n    \u001b[33mtype\u001b[39m=\u001b[32m\"checkbox\"\u001b[39m\n  \u001b[36m/>\u001b[39m\n\n  --------------------------------------------------\n  button:\n\n  Name \"Proforma\":\n  \u001b[36m<button\u001b[39m\n    \u001b[33mclass\u001b[39m=\u001b[32m\"py-2.5\"\u001b[39m\n  \u001b[36m/>\u001b[39m\n\n  Name \"Bon de Livraison\":\n  \u001b[36m<button\u001b[39m\n    \u001b[33mclass\u001b[39m=\u001b[32m\"py-2.5\"\u001b[39m\n  \u001b[36m/>\u001b[39m\n\n  Name \"Suspendre la vente F7Ctrl+S\":\n  \u001b[36m<button\u001b[39m\n    \u001b[33mclass\u001b[39m=\u001b[32m\"py-2.5\"\u001b[39m\n  \u001b[36m/>\u001b[39m\n\n  Name \"Annuler la VenteEsc\":\n  \u001b[36m<button\u001b[39m\n    \u001b[33mclass\u001b[39m=\u001b[32m\"py-2.5 text-error hover:bg-error/10\"\u001b[39m\n  \u001b[36m/>\u001b[39m\n\n  Name \"ValiderF9\":\n  \u001b[36m<button\u001b[39m\n    \u001b[33mclass\u001b[39m=\u001b[32m\"btn btn-sm sm:btn-md btn-primary flex-1 max-w-md gap-2 shadow-lg shadow-primary/20 hover:shadow-primary/40 transition-all active:scale-95\"\u001b[39m\n    \u001b[33mtitle\u001b[39m=\u001b[32m\"Valider la vente (Ctrl+Entr├®e)\"\u001b[39m\n  \u001b[36m/>\u001b[39m\n\n  --------------------------------------------------\n\nIgnored nodes: comments, script, style\n\u001b[36m<body>\u001b[39m\n  \u001b[36m<div>\u001b[39m\n    \u001b[36m<div\u001b[39m\n      \u001b[33mclass\u001b[39m=\u001b[32m\"bg-base-100 border-t border-base-200 p-2 sm:p-4 shadow-sm shrink-0\"\u001b[39m\n    \u001b[36m>\u001b[39m\n      \u001b[36m<div\u001b[39m\n        \u001b[33mclass\u001b[39m=\u001b[32m\"flex flex-row gap-2 justify-between items-center\"\u001b[39m\n      \u001b[36m>\u001b[39m\n        \u001b[36m<div\u001b[39m\n          \u001b[33mclass\u001b[39m=\u001b[32m\"dropdown dropdown-top dropdown-start\"\u001b[39m\n        \u001b[36m>\u001b[39m\n          \u001b[36m<label\u001b[39m\n            \u001b[33mclass\u001b[39m=\u001b[32m\"btn btn-sm sm:btn-md btn-outline gap-2\"\u001b[39m\n            \u001b[33mtabindex\u001b[39m=\u001b[32m\"0\"\u001b[39m\n          \u001b[36m>\u001b[39m\n            \u001b[36m<svg\u001b[39m\n              \u001b[33mclass\u001b[39m=\u001b[32m\"h-4 w-4 sm:h-5 sm:w-5\"\u001b[39m\n              \u001b[33mfill\u001b[39m=\u001b[32m\"none\"\u001b[39m\n              \u001b[33mstroke\u001b[39m=\u001b[32m\"currentColor\"\u001b[39m\n              \u001b[33mviewBox\u001b[39m=\u001b[32m\"0 0 24 24\"\u001b[39m\n              \u001b[33mxmlns\u001b[39m=\u001b[32m\"http://www.w3.org/2000/svg\"\u001b[39m\n            \u001
[...]
u001b[0m\n            \u001b[36m</li>\u001b[39m\n            \u001b[36m<li>\u001b[39m\n              \u001b[36m<button\u001b[39m\n                \u001b[33mclass\u001b[39m=\u001b[32m\"py-2.5\"\u001b[39m\n                \u001b[33mdisabled\u001b[39m=\u001b[32m\"\"\u001b[39m\n              \u001b[36m>\u001b[39m\n                \u001b[36m<svg\u001b[39m\n                  \u001b[33mclass\u001b[39m=\u001b[32m\"h-4 w-4 text-info\"\u001b[39m\n                  \u001b[33mfill\u001b[39m=\u001b[32m\"none\"\u001b[39m\n                  \u001b[33mstroke\u001b[39m=\u001b[32m\"currentColor\"\u001b[39m\n                  \u001b[33mviewBox\u001b[39m=\u001b[32m\"0 0 24 24\"\u001b[39m\n                  \u001b[33mxmlns\u001b[39m=\u001b[32m\"http://www.w3.org/2000/svg\"\u001b[39m\n                \u001b[36m>\u001b[39m\n                  \u001b[36m<path\u001b[39m\n                    \u001b[33md\u001b[39m=\u001b[32m\"M9 12h6m-6 4h6m2 5H7a2 2 0 01-2-2V5a2 2 0 012-2h5.586a1 1 0 01.707.293l5.414 5.414a1 1 0 01.293.707V19a2 2 0 01-2 2z\"\u001b[39m\n                    \u001b[33mstroke-linecap\u001b[39m=\u001b[32m\"round\"\u001b[39m\n                    \u001b[33mstroke-linejoin\u001b[39m=\u001b[32m\"round\"\u001b[39m\n                    \u001b[33mstroke-width\u001b[39m=\u001b[32m\"2\"\u001b[39m\n                  \u001b[36m/>\u001b[39m\n                \u001b[36m</svg>\u001b[39m\n                \u001b[36m<span\u001b[39m\n                  \u001b[33mclass\u001b[39m=\u001b[32m\"text-xs uppercase font-bold\"\u001b[39m\n                \u001b[36m>\u001b[39m\n                  \u001b[0mProforma\u001b[0m\n                \u001b[36m</span>\u001b[39m\n              \u001b[36m</button>\u001b[39m\n            \u001b[36m</li>\u001b[39m\n            \u001b[36m<li>\u001b[39m\n              \u001b[36m<button\u001b[39m\n                \u001b[33mclass\u001b[39m=\u001b[32m\"py-2.5\"\u001b[39m\n                \u001b[33mdisabled\u001b[39m=\u001b[32m\"\"\u001b[39m\n              \u001b[36m>\u001b[39m\n                \u001b[36m<svg\u001b[39m\n                  \u001b[33mclass\u001b[39m=\u001b[32m\"h-4 w-4 text-info\"\u001b[39m\n                  \u001b[33mfill\u001b[39m=\u001b[32m\"none\"\u001b[39m\n                  \u001b[33mstroke\u001b[39m=\u001b[32m\"currentColor\"\u001b[39m\n                  \u001b[33mviewBox\u001b[39m=\u001b[32m\"0 0 24 24\"\u001b[39m\n                  \u001b[33mxmlns\u001b[39m=\u001b[32m\"http://www.w3.org/2000/svg\"\u001b[39m\n                \u001b[36m>\u001b[39m\n                  \u001b[36m<path\u001b[39m\n                    \u001b[33md\u001b[39m=\u001b[32m\"M9 17a2 2 0 11-4 0 2 2 0 014 0zM19 17a2 2 0 11-4 0 2 2 0 014 0zM13 16V6a1 1 0 00-1-1H4a1 1 0 00-1 1v10a1 1 0 001 1h1m8-1a1 1 0 01-1 1H9m4-1V8a1 1 0 011-1h2.586a1 1 0 01.707.293l3.414 3.414a1 1 0 01.293.707V16a1 1 0 01-1 1h-1\"\u001b[39m\n                    \u001b[33mstroke-linecap\u001b[39m=\u001b[32m\"round\"\u001b[39m\n                    \u001b[33mstroke-linejoin\u001b[39m=\u001b[32m\"round\"\u001b[39m\n                    \u001b[33mstroke-width\u001b[39m=\u001b[32m\"2\"\u001b[39m\n                  \u001b[36m/>\u001b[39m\n                \u001b[36m</svg>\u001b[39m\n                \u001b[36m<span\u001b[39m\n                  \u001b[33mclass\u001b[39m=\u001b[32m\"text-xs uppercase font-bold\"\u001b[39m\n                \u001b[36m>\u001b[39m\n                  \u001b[0mBon de Livraison\u001b[0m\n                \u001b[36m</span>\u001b[39m\n              \u001b[36m</button>\u001b[39m\n            \u001b[36m</li>\u001b[39m\n            \u001b[36m<div\u001b[39m\n              \u001b[33mclass\u001b[39m=\u001b[32m\"divider my-1 opacity-50\"\u001b[39m\n            \u001b[36m/>\u001b[39m\n            \u001b[36m<li\u001b[39m\n              \u001b[33mclass\u001b[39m=\u001b[32m\"menu-title text-[10px] uppercase opacity-50 px-2\"\u001b[39m\n            \u001b[36m>\u001b[39m\n              \u001b[0mGestion Vente\u001b[0m\n            \u001b[36m</li>\u001b[39m\n            \u001b[36m<li>\u001b[39m\n              \u001b[36m<button\u001b[39m\n                \u001b[33mclass\u001b[39m=\u001b[32m\"py-2.5\"\u001b[39m\n                \u001b[33mdisabled\u001b[39m=\u001b[32m\"\"\u001b[39m\n              \u001b[36m>\u001b[39m\n                \u001b[36m<svg\u001b[39m\n                  \u001b[33mclass\u001b[39m=\u001b[32m\"h-4 w-4 text-warning\"\u001b[39m\n                  \u001b[33mfill\u001b[39m=\u001b[32m\"none\"\u001b[39m\n                  \u001b[33mstroke\u001b[39m=\u001b[32m\"currentColor\"\u001b[39m\n                  \u001b[33mviewBox\u001b[39m=\u001b[32m\"0 0 24 24\"\u001b[39m\n                  \u001b[33mxmlns\u001b[39m=\u001b[32m\"http://www.w3.org/2000/svg\"\u001b[39m\n                \u001b[36m>\u001b[39m\n                  \u001b[36m<path\u001b[39m\n                    \u001b[33md\u001b[39m=\u001b[32m\"M10 9v6m4-6v6m7-3a9 9 0 11-18 0 9 9 0 0118 0z\"\u001b[39m\n                    \u001b[33mstroke-linecap\u001b[39m=\u001b[32m\"round\"\u001b[39m\n                    \u001b[33mstroke-linejoin\u001b[39m=\u001b[32m\"round\"\u001b[39m\n                    \u001b[33mstroke-width\u001b[39m=\u001b[32m\"2\"\u001b[39m\n                  \u001b[36m/>\u001b[39m\n                \u001b[36m</svg>\u001b[39m\n                \u001b[36m<span\u001b[39m\n                  \u001b[33mclass\u001b[39m=\u001b[32m\"text-xs uppercase font-bold text-warning\"\u001b[39m\n                \u001b[36m>\u001b[39m\n                  \u001b[0mSuspendre la vente\u001b[0m\n                \u001b[36m</span>\u001b[39m\n                \u001b[36m<div\u001b[39m\n                  \u001b[33mclass\u001b[39m=\u001b[32m\"ml-auto flex gap-1\"\u001b[39m\n                \u001b[36m>\u001b[39m\n                  \u001b[36m<kbd\u001b[39m\n                    \u001b[33mclass\u001b[39m=\u001b[32m\"kbd kbd-xs tracking-tighter\"\u001b[39m\n                  \u001b[36m>\u001b[39m\n                    \u001b[0mF7\u001b[0m\n                  \u001b[36m</kbd>\u001b[39m\n                  \u001b[36m<kbd\u001b[39m\n                    \u001b[33mclass\u001b[39m=\u001b[32m\"kbd kbd-xs tracking-tighter\"\u001b[39m\n                  \u001b[36m>\u001b[39m\n                    \u001b[0mCtrl+S\u001b[0m\n                  \u001b[36m</kbd>\u001b[39m\n                \u001b[36m</div>\u001b[39m\n              \u001b[36m</button>\u001b[39m\n            \u001b[36m</li>\u001b[39m\n            \u001b[36m<li>\u001b[39m\n              \u001b[36m<button\u001b[39m\n                \u001b[33mclass\u001b[39m=\u001b[32m\"py-2.5 text-error hover:bg-error/10\"\u001b[39m\n              \u001b[36m>\u001b[39m\n                \u001b[36m<svg\u001b[39m\n                  \u001b[33mclass\u001b[39m=\u001b[32m\"h-4 w-4\"\u001b[39m\n                  \u001b[33mfill\u001b[39m=\u001b[32m\"none\"\u001b[39m\n                  \u001b[33mstroke\u001b[39m=\u001b[32m\"currentColor\"\u001b[39m\n                  \u001b[33mviewBox\u001b[39m=\u001b[32m\"0 0 24 24\"\u001b[39m\n                  \u001b[33mxmlns\u001b[39m=\u001b[32m\"http://www.w3.org/2000/svg\"\u001b[39m\n                \u001b[36m>\u001b[39m\n                  \u001b[36m<path\u001b[39m\n                    \u001b[33md\u001b[39m=\u001b[32m\"M6 18L18 6M6 6l12 12\"\u001b[39m\n                    \u001b[33mstroke-linecap\u001b[39m=\u001b[32m\"round\"\u001b[39m\n                    \u001b[33mstroke-linejoin\u001b[39m=\u001b[32m\"round\"\u001b[39m\n                    \u001b[33mstroke-width\u001b[39m=\u001b[32m\"2\"\u001b[39m\n                  \u001b[36m/>\u001b[39m\n                \u001b[36m</svg>\u001b[39m\n                \u001b[36m<span\u001b[39m\n                  \u001b[33mclass\u001b[39m=\u001b[32m\"text-xs uppercase font-bold\"\u001b[39m\n                \u001b[36m>\u001b[39m\n                  \u001b[0mAnnuler la Vente\u001b[0m\n                \u001b[36m</span>\u001b[39m\n                \u001b[36m<kbd\u001b[39m\n                  \u001b[33mclass\u001b[39m=\u001b[32m\"kbd kbd-xs ml-auto\"\u001b[39m\n                \u001b[36m>\u001b[39m\n                  \u001b[0mEsc\u001b[0m\n                \u001b[36m</kbd>\u001b[39m\n              \u001b[36m</button>\u001b[39m\n            \u001b[36m</li>\u001b[39m\n          \u001b[36m</ul>\u001b[39m\n        \u001b[36m</div>\u001b[39m\n        \u001b[36m<button\u001b[39m\n          \u001b[33mclass\u001b[39m=\u001b[32m\"btn btn-sm sm:btn-md btn-primary flex-1 max-w-md gap-2 shadow-lg shadow-primary/20 hover:shadow-primary/40 transition-all active:scale-95\"\u001b[39m\n          \u001b[33mdisabled\u001b[39m=\u001b[32m\"\"\u001b[39m\n          \u001b[33mtitle\u001b[39m=\u001b[32m\"Valider la vente (Ctrl+Entr├®e)\"\u001b[39m\n        \u001b[36m>\u001b[39m\n          \u001b[36m<svg\u001b[39m\n            \u001b[33mclass\u001b[39m=\u001b[32m\"h-4 w-4 sm:h-5 sm:w-5\"\u001b[39m\n            \u001b[33mfill\u001b[39m=\u001b[32m\"none\"\u001b[39m\n            \u001b[33mstroke\u001b[39m=\u001b[32m\"currentColor\"\u001b[39m\n            \u001b[33mviewBox\u001b[39m=\u001b[32m\"0 0 24 24\"\u001b[39m\n            \u001b[33mxmlns\u001b[39m=\u001b[32m\"http://www.w3.org/2000/svg\"\u001b[39m\n          \u001b[36m>\u001b[39m\n            \u001b[36m<path\u001b[39m\n              \u001b[33md\u001b[39m=\u001b[32m\"M17 9V7a2 2 0 00-2-2H5a2 2 0 00-2 2v6a2 2 0 002 2h2m2 4h10a2 2 0 002-2v-6a2 2 0 00-2-2H9a2 2 0 00-2 2v6a2 2 0 002 2zm7-5a1 1 0 11-2 0 1 1 0 012 0z\"\u001b[39m\n              \u001b[33mstroke-linecap\u001b[39m=\u001b[32m\"round\"\u001b[39m\n              \u001b[33mstroke-linejoin\u001b[39m=\u001b[32m\"round\"\u001b[39m\n              \u001b[33mstroke-width\u001b[39m=\u001b[32m\"2\"\u001b[39m\n            \u001b[36m/>\u001b[39m\n          \u001b[36m</svg>\u001b[39m\n          \u001b[36m<span\u001b[39m\n            \u001b[33mclass\u001b[39m=\u001b[32m\"font-bold text-xs sm:text-lg uppercase tracking-wider\"\u001b[39m\n          \u001b[36m>\u001b[39m\n            \u001b[0mValider\u001b[0m\n          \u001b[36m</span>\u001b[39m\n          \u001b[36m<kbd\u001b[39m\n            \u001b[33mclass\u001b[39m=\u001b[32m\"kbd kbd-sm bg-primary-focus border-none text-white hidden sm:flex\"\u001b[39m\n          \u001b[36m>\u001b[39m\n            \u001b[0mF9\u001b[0m\n          \u001b[36m</kbd>\u001b[39m\n        \u001b[36m</button>\u001b[39m\n      \u001b[36m</div>\u001b[39m\n    \u001b[36m</div>\u001b[39m\n  \u001b[36m</div>\u001b[39m\n\u001b[36m</body>\u001b[39m\n    at Object.getElementError (C:\\Projet Fullstack\\fullstack_produits\\frontend\\frontend\\node_modules\\@testing-library\\dom\\dist\\config.js:37:19)\n    at C:\\Projet Fullstack\\fullstack_produits\\frontend\\frontend\\node_modules\\@testing-library\\dom\\dist\\query-helpers.js:76:38\n    at C:\\Projet Fullstack\\fullstack_produits\\frontend\\frontend\\node_modules\\@testing-library\\dom\\dist\\query-helpers.js:52:17\n    at C:\\Projet Fullstack\\fullstack_produits\\frontend\\frontend\\node_modules\\@testing-library\\dom\\dist\\query-helpers.js:95:19\n    at C:/Projet Fullstack/fullstack_produits/frontend/frontend/src/components/facturation/__tests__/ActionButtons.test.tsx:78:19\n    at file:///C:/Projet%20Fullstack/fullstack_produits/frontend/frontend/node_modules/@vitest/runner/dist/index.js:145:11\n    at file:///C:/Projet%20Fullstack/fullstack_produits/frontend/frontend/node_modules/@vitest/runner/dist/index.js:915:26\n    at file:///C:/Projet%20Fullstack/fullstack_produits/frontend/frontend/node_modules/@vitest/runner/dist/index.js:1243:20\n    at new Promise (<anonymous>)\n    at runWithTimeout (file:///C:/Projet%20Fullstack/fullstack_produits/frontend/frontend/node_modules/@vitest/runner/dist/index.js:1209:10)"],"meta":{}},{"ancestorTitles":["ActionButtons"],"fullName":"ActionButtons affiche les raccourcis clavier dans les titres","status":"failed","title":"affiche les raccourcis clavier dans les titres","duration":136.50829999999996,"failureMessages":["Error: \u001b[2mexpect(\u001b[22m\u001b[31melement\u001b[39m\u001b[2m).toHaveAttribute(\u001b[22m\u001b[32m\u001b[32m\"title\"\u001b[32m\u001b[39m\u001b[2m, \u001b[22m\u001b[32m\u001b[32mStringContaining \"paiement\"\u001b[32m\u001b[39m\u001b[2m) // element.getAttribute(\"title\") === StringContaining \"paiement\"\u001b[22m\n\nExpected the element to have attribute:\n\u001b[32m  title=StringContaining \"paiement\"\u001b[39m\nReceived:\n\u001b[31m  title=\"Valider la vente (Ctrl+Entr├®e)\"\u001b[39m\n    at Proxy.expectWrapper (file:///C:/Projet%20Fullstack/fullstack_produits/frontend/frontend/node_modules/@vitest/expect/dist/index.js:1821:12)\n    at Proxy.<anonymous> (file:///C:/Projet%20Fullstack/fullstack_produits/frontend/frontend/node_modules/@vitest/expect/dist/index.js:1090:14)\n    at Proxy.methodWrapper (file:///C:/Projet%20Fullstack/fullstack_produits/frontend/frontend/node_modules/chai/index.js:1700:25)\n    at C:/Projet Fullstack/fullstack_produits/frontend/frontend/src/components/facturation/__tests__/ActionButtons.test.tsx:112:29\n    at file:///C:/Projet%20Fullstack/fullstack_produits/frontend/frontend/node_modules/@vitest/runner/dist/index.js:145:11\n    at file:///C:/Projet%20Fullstack/fullstack_produits/frontend/frontend/node_modules/@vitest/runner/dist/index.js:915:26\n    at file:///C:/Projet%20Fullstack/fullstack_produits/frontend/frontend/node_modules/@vitest/runner/dist/index.js:1243:20\n    at new Promise (<anonymous>)\n    at runWithTimeout (file:///C:/Projet%20Fullstack/fullstack_produits/frontend/frontend/node_modules/@vitest/runner/dist/index.js:1209:10)\n    at file:///C:/Projet%20Fullstack/fullstack_produits/frontend/frontend/node_modules/@vitest/runner/dist/index.js:1653:37"],"meta":{}}],"startTime":1775070027636,"endTime":1775070028841.5083,"status":"failed","message":"","name":"C:/Projet Fullstack/fullstack_produits/frontend/frontend/src/components/facturation/__tests__/ActionButtons.test.tsx"},{"assertionResults":[{"ancestorTitles":["CartTable"],"fullName":"CartTable affiche le message vide quand il n'y a pas de produits","status":"passed","title":"affiche le message vide quand il n'y a pas de produits","duration":53.67839999999978,"failureMessages":[],"meta":{}},{"ancestorTitles":["CartTable"],"fullName":"CartTable affiche les produits dans le tableau","status":"passed","title":"affiche les produits dans le tableau","duration":105.70789999999988,"failureMessages":[],"meta":{}},{"ancestorTitles":["CartTable"],"fullName":"CartTable appelle updateQuantite lors du changement de quantit├®","status":"passed","title":"appelle updateQuantite lors du changement de quantit├®","duration":361.3143,"failureMessages":[],"meta":{}},{"ancestorTitles":["CartTable"],"fullName":"CartTable appelle updatePrix lors du changement de prix","status":"passed","title":"appelle updatePrix lors du changement de prix","duration":64.21050000000014,"failureMessages":[],"meta":{}},{"ancestorTitles":["CartTable"],"fullName":"CartTable appelle updateRemiseProduit lors du changement de remise","status":"passed","title":"appelle updateRemiseProduit lors du changement de remise","duration":13.963600000000042,"failureMessages":[],"meta":{}},{"ancestorTitles":["CartTable"],"fullName":"CartTable affiche le bouton lot avec le texte appropri├®","status":"passed","title":"affiche le bouton lot avec le texte appropri├®","duration":12.692900000000009,"failureMessages":[],"meta":{}},{"ancestorTitles":["CartTable"],"fullName":"CartTable affiche le num├®ro de lot quand un lot est s├®lectionn├®","status":"passed","title":"affiche le num├®ro de lot quand un lot est s├®lectionn├®","duration":14.0632999999998,"failureMessages":[],"meta":{}},{"ancestorTitles":["CartTable"],"fullName":"CartTable appelle onOpenLotModal au clic sur le bouton lot","status":"passed","title":"appelle onOpenLotModal au clic sur le bouton lot","duration":23.57009999999991,"failureMessages":[],"meta":{}},{"ancestorTitles":["CartTable"],"fullName":"CartTable formate correctement la date de p├®remption","status":"passed","title":"formate correctement la date de p├®remption","duration":11.016200000000026,"failureMessages":[],"meta":{}}],"startTime":1775070033138,"endTime":1775070033799.016,"status":"passed","message":"","name":"C:/Projet Fullstack/fullstack_produits/frontend/frontend/src/components/facturation/__tests__/CartTable.test.tsx"},{"assertionResults":[{"ancestorTitles":["PaymentModal"],"fullName":"PaymentModal ne s'affiche pas quand isOpen est false","status":"passed","title":"ne s'affiche pas quand isOpen est false","duration":68.72000000000025,"failureMessages":[],"meta":{}},{"ancestorTitles":["PaymentModal"],"fullName":"PaymentModal s'affiche quand isOpen est true","status":"passed","title":"s'affiche quand isOpen est true","duration":337.8946000000001,"failureMessages":[],"meta":{}},{"ancestorTitles":["PaymentModal"],"fullName":"PaymentModal affiche le total ├á payer pour une nouvelle vente","status":"passed","title":"affiche le total ├á payer pour une nouvelle vente","duration":24.839400000000296,"failureMessages":[],"meta":{}},{"ancestorTitles":["PaymentModal"],"fullName":"PaymentModal affiche le montant du coupon quand applicable","status":"passed","title":"affiche le montant du coupon quand applicable","duration":17.397500000000036,"failureMessages":[],"meta":{}},{"ancestorTitles":["PaymentModal"],"fullName":"PaymentModal affiche l'info Tiers Payant quand tauxCouverture > 0","status":"passed","title":"affiche l'info Tiers Payant quand tauxCouverture > 0","duration":18.01449999999977,"failureMessages":[],"meta":{}},{"ancestorTitles":["PaymentModal"],"fullName":"PaymentModal affiche les parts Patient et Assurance en mode Tiers Payant","status":"passed","title":"affiche les parts Patient et Assurance en mode Tiers Payant","duration":35.79269999999997,"failureMessages":[],"meta":{}},{"ancestorTitles":["PaymentModal"],"fullName":"PaymentModal appelle onCompleteSale ├á la soumission pour une nouvelle vente","status":"passed","title":"appelle onCompleteSale ├á la soumission pour une nouvelle vente","duration":77.76789999999983,"failureMessages":[],"meta":{}},{"ancestorTitles":["PaymentModal"],"fullName":"PaymentModal appelle onRegisterPayment ├á la soumission pour une facture existante","status":"passed","title":"appelle onRegisterPayment ├á la soumission pour une facture existante","duration":62.07549999999992,"failureMessages":[],"meta":{}},{"ancestorTitles":["PaymentModal"],"fullName":"PaymentModal affiche le total vers├®","status":"passed","title":"affiche le total vers├®","duration":22.346599999999853,"failureMessages":[],"meta":{}},{"ancestorTitles":["PaymentModal"],"fullName":"PaymentModal appelle setMontantPaye lors de la saisie du montant","status":"passed","title":"appelle setMontantPaye lors de la saisie du montant","duration":18.909699999999702,"failureMessages":[],"meta":{}},{"ancestorTitles":["PaymentModal"],"fullName":"PaymentModal ajoute un paiement au clic sur le bouton Ajouter","status":"passed","title":"ajoute un paiement au clic sur le bouton Ajouter","duration":56.44439999999986,"failureMessages":[],"meta":{}}],"startTime":1775070032506,"endTime":1775070033246.4443,"status":"passed","message":"","name":"C:/Projet Fullstack/fullstack_produits/frontend/frontend/src/components/facturation/__tests__/PaymentModal.test.tsx"},{"assertionResults":[{"ancestorTitles":["TotalsSection"],"fullName":"TotalsSection affiche correctement les totaux standards (sans TP, sans Coupon)","status":"passed","title":"affiche correctement les totaux standards (sans TP, sans Coupon)","duration":122.5953999999997,"failureMessages":[],"meta":{}},{"ancestorTitles":["TotalsSection"],"fullName":"TotalsSection affiche le Tiers Payant correctement (Couverture 70%)","status":"passed","title":"affiche le Tiers Payant correctement (Couverture 70%)","duration":23.93309999999974,"failureMessages":[],"meta":{}}],"startTime":1775070035993,"endTime":1775070036139.933,"status":"passed","message":"","name":"C:/Projet Fullstack/fullstack_produits/frontend/frontend/src/components/facturation/__tests__/TotalsSection.test.tsx"}]}
